[2024-05-18T06:47:52.534+0000] {taskinstance.py:1956} INFO - Dependencies all met for dep_context=non-requeueable deps ti=<TaskInstance: api_data_booking.create_booking_data_into_db manual__2024-05-18T06:47:51.055439+00:00 [queued]>
[2024-05-18T06:47:52.540+0000] {taskinstance.py:1956} INFO - Dependencies all met for dep_context=requeueable deps ti=<TaskInstance: api_data_booking.create_booking_data_into_db manual__2024-05-18T06:47:51.055439+00:00 [queued]>
[2024-05-18T06:47:52.541+0000] {taskinstance.py:2170} INFO - Starting attempt 1 of 4
[2024-05-18T06:47:52.550+0000] {taskinstance.py:2191} INFO - Executing <Task(PythonOperator): create_booking_data_into_db> on 2024-05-18 06:47:51.055439+00:00
[2024-05-18T06:47:52.554+0000] {standard_task_runner.py:60} INFO - Started process 963 to run task
[2024-05-18T06:47:52.557+0000] {standard_task_runner.py:87} INFO - Running: ['***', 'tasks', 'run', 'api_data_booking', 'create_booking_data_into_db', 'manual__2024-05-18T06:47:51.055439+00:00', '--job-id', '393', '--raw', '--subdir', 'DAGS_FOLDER/api_data_booking.py', '--cfg-path', '/tmp/tmpu01b2347']
[2024-05-18T06:47:52.560+0000] {standard_task_runner.py:88} INFO - Job 393: Subtask create_booking_data_into_db
[2024-05-18T06:47:52.604+0000] {task_command.py:423} INFO - Running <TaskInstance: api_data_booking.create_booking_data_into_db manual__2024-05-18T06:47:51.055439+00:00 [running]> on host e3e2dc6bc2be
[2024-05-18T06:47:52.653+0000] {taskinstance.py:2480} INFO - Exporting env vars: AIRFLOW_CTX_DAG_OWNER='***' AIRFLOW_CTX_DAG_ID='api_data_booking' AIRFLOW_CTX_TASK_ID='create_booking_data_into_db' AIRFLOW_CTX_EXECUTION_DATE='2024-05-18T06:47:51.055439+00:00' AIRFLOW_CTX_TRY_NUMBER='1' AIRFLOW_CTX_DAG_RUN_ID='manual__2024-05-18T06:47:51.055439+00:00'
[2024-05-18T06:47:52.660+0000] {base.py:83} INFO - Using connection ID 'postgres_conn' for task execution.
[2024-05-18T06:47:52.674+0000] {base.py:83} INFO - Using connection ID 'postgres_conn' for task execution.
[2024-05-18T06:47:52.683+0000] {sql.py:450} INFO - Running statement: 
        CREATE TABLE IF NOT EXISTS booking (
            id SERIAL PRIMARY KEY,
            booking_id VARCHAR(10),
            activity_id VARCHAR(255),
            booking_request_date DATE NOT NULL,
            booking_start_time TIME NOT NULL,
            booking_end_time TIME NOT NULL,
            duration_in_minute INTEGER,
            remarks VARCHAR(255),
            subject_code VARCHAR(50),
            section VARCHAR(10),
            booking_start_date DATE NOT NULL,
            booking_end_date DATE NOT NULL,
            requester_name VARCHAR(255),
            room VARCHAR(50),
            floor VARCHAR(50),
            participants JSONB
        );
    , parameters: None
[2024-05-18T06:47:52.687+0000] {python.py:201} INFO - Done. Returned value was: None
[2024-05-18T06:47:52.694+0000] {taskinstance.py:1138} INFO - Marking task as SUCCESS. dag_id=api_data_booking, task_id=create_booking_data_into_db, execution_date=20240518T064751, start_date=20240518T064752, end_date=20240518T064752
[2024-05-18T06:47:52.735+0000] {local_task_job_runner.py:234} INFO - Task exited with return code 0
[2024-05-18T06:47:52.758+0000] {taskinstance.py:3280} INFO - 1 downstream tasks scheduled from follow-on schedule check
