[2024-05-17T10:11:30.238+0000] {taskinstance.py:1956} INFO - Dependencies all met for dep_context=non-requeueable deps ti=<TaskInstance: create_transection_data.create_api_data manual__2024-05-17T10:11:28.451266+00:00 [queued]>
[2024-05-17T10:11:30.244+0000] {taskinstance.py:1956} INFO - Dependencies all met for dep_context=requeueable deps ti=<TaskInstance: create_transection_data.create_api_data manual__2024-05-17T10:11:28.451266+00:00 [queued]>
[2024-05-17T10:11:30.245+0000] {taskinstance.py:2170} INFO - Starting attempt 1 of 4
[2024-05-17T10:11:30.253+0000] {taskinstance.py:2191} INFO - Executing <Task(PythonOperator): create_api_data> on 2024-05-17 10:11:28.451266+00:00
[2024-05-17T10:11:30.257+0000] {standard_task_runner.py:60} INFO - Started process 2653 to run task
[2024-05-17T10:11:30.260+0000] {standard_task_runner.py:87} INFO - Running: ['***', 'tasks', 'run', 'create_transection_data', 'create_api_data', 'manual__2024-05-17T10:11:28.451266+00:00', '--job-id', '355', '--raw', '--subdir', 'DAGS_FOLDER/transection_data.py', '--cfg-path', '/tmp/tmp3ghewleh']
[2024-05-17T10:11:30.263+0000] {standard_task_runner.py:88} INFO - Job 355: Subtask create_api_data
[2024-05-17T10:11:30.295+0000] {task_command.py:423} INFO - Running <TaskInstance: create_transection_data.create_api_data manual__2024-05-17T10:11:28.451266+00:00 [running]> on host e3e2dc6bc2be
[2024-05-17T10:11:30.341+0000] {taskinstance.py:2480} INFO - Exporting env vars: AIRFLOW_CTX_DAG_OWNER='***' AIRFLOW_CTX_DAG_ID='create_transection_data' AIRFLOW_CTX_TASK_ID='create_api_data' AIRFLOW_CTX_EXECUTION_DATE='2024-05-17T10:11:28.451266+00:00' AIRFLOW_CTX_TRY_NUMBER='1' AIRFLOW_CTX_DAG_RUN_ID='manual__2024-05-17T10:11:28.451266+00:00'
[2024-05-17T10:11:30.347+0000] {base.py:83} INFO - Using connection ID 'postgres_conn' for task execution.
[2024-05-17T10:11:30.357+0000] {sql.py:450} INFO - Running statement: 
            CREATE TABLE IF NOT EXISTS api_data AS
            SELECT 
                booking.id AS booking_id,
                booking.booking_start_date,
                booking.booking_start_time,
                booking.booking_end_time,
                booking.duration_in_minute,
                booking.remarks,
                booking.subject_code,
                booking.section,
                attendance.id AS attendance_id,
                attendance.subject_name,
                attendance.class_date,
                attendance.class_start,
                attendance.class_end,
                attendance.num_enrolledStd,
                attendance.num_present,
                attendance.percent_present,
                attendance.num_absent,
                attendance.percent_absent,
                attendance.num_leave,
                attendance.percent_leave
            FROM 
                booking
            LEFT JOIN 
                attendance ON 
                booking.subject_code = attendance.subject_code AND
                booking.section = attendance.section AND
                booking.booking_start_date = attendance.class_date AND
                booking.booking_start_time >= attendance.class_start AND 
                booking.booking_end_time <= attendance.class_end;
  
        , parameters: None
[2024-05-17T10:11:30.364+0000] {sql.py:459} INFO - Rows affected: 176
[2024-05-17T10:11:30.367+0000] {transection_data.py:65} INFO - Successfully created api_data table.
[2024-05-17T10:11:30.367+0000] {python.py:201} INFO - Done. Returned value was: None
[2024-05-17T10:11:30.373+0000] {taskinstance.py:1138} INFO - Marking task as SUCCESS. dag_id=create_transection_data, task_id=create_api_data, execution_date=20240517T101128, start_date=20240517T101130, end_date=20240517T101130
[2024-05-17T10:11:30.392+0000] {local_task_job_runner.py:234} INFO - Task exited with return code 0
[2024-05-17T10:11:30.407+0000] {taskinstance.py:3280} INFO - 1 downstream tasks scheduled from follow-on schedule check
