[2024-05-18T06:36:06.471+0000] {taskinstance.py:1956} INFO - Dependencies all met for dep_context=non-requeueable deps ti=<TaskInstance: api_data_booking.create_booking_data_into_db scheduled__2024-05-17T00:00:00+00:00 [queued]>
[2024-05-18T06:36:06.486+0000] {taskinstance.py:1956} INFO - Dependencies all met for dep_context=requeueable deps ti=<TaskInstance: api_data_booking.create_booking_data_into_db scheduled__2024-05-17T00:00:00+00:00 [queued]>
[2024-05-18T06:36:06.491+0000] {taskinstance.py:2170} INFO - Starting attempt 1 of 4
[2024-05-18T06:36:06.515+0000] {taskinstance.py:2191} INFO - Executing <Task(PythonOperator): create_booking_data_into_db> on 2024-05-17 00:00:00+00:00
[2024-05-18T06:36:06.523+0000] {standard_task_runner.py:60} INFO - Started process 208 to run task
[2024-05-18T06:36:06.538+0000] {standard_task_runner.py:87} INFO - Running: ['***', 'tasks', 'run', 'api_data_booking', 'create_booking_data_into_db', 'scheduled__2024-05-17T00:00:00+00:00', '--job-id', '373', '--raw', '--subdir', 'DAGS_FOLDER/api_data_booking.py', '--cfg-path', '/tmp/tmpm4l1me6_']
[2024-05-18T06:36:06.551+0000] {standard_task_runner.py:88} INFO - Job 373: Subtask create_booking_data_into_db
[2024-05-18T06:36:06.636+0000] {task_command.py:423} INFO - Running <TaskInstance: api_data_booking.create_booking_data_into_db scheduled__2024-05-17T00:00:00+00:00 [running]> on host e3e2dc6bc2be
[2024-05-18T06:36:06.799+0000] {taskinstance.py:2480} INFO - Exporting env vars: AIRFLOW_CTX_DAG_OWNER='***' AIRFLOW_CTX_DAG_ID='api_data_booking' AIRFLOW_CTX_TASK_ID='create_booking_data_into_db' AIRFLOW_CTX_EXECUTION_DATE='2024-05-17T00:00:00+00:00' AIRFLOW_CTX_TRY_NUMBER='1' AIRFLOW_CTX_DAG_RUN_ID='scheduled__2024-05-17T00:00:00+00:00'
[2024-05-18T06:36:06.809+0000] {base.py:83} INFO - Using connection ID 'postgres_conn' for task execution.
[2024-05-18T06:36:06.834+0000] {base.py:83} INFO - Using connection ID 'postgres_conn' for task execution.
[2024-05-18T06:36:06.850+0000] {sql.py:450} INFO - Running statement: 
        CREATE TABLE IF NOT EXISTS booking (
            id SERIAL PRIMARY KEY,
            booking_id VARCHAR(10),
            activity_id VARCHAR(255),
            booking_request_date DATE NOT NULL,
            booking_start_time TIME NOT NULL,
            booking_end_time TIME NOT NULL,
            duration_in_minute INTEGER,
            remarks VARCHAR(255),
            subject_code VARCHAR(50),
            section VARCHAR(10),
            booking_start_date DATE NOT NULL,
            booking_end_date DATE NOT NULL,
            requester_name VARCHAR(255),
            room VARCHAR(50),
            floor VARCHAR(50),
            participants JSONB
        );
    , parameters: None
[2024-05-18T06:36:06.857+0000] {python.py:201} INFO - Done. Returned value was: None
[2024-05-18T06:36:06.871+0000] {taskinstance.py:1138} INFO - Marking task as SUCCESS. dag_id=api_data_booking, task_id=create_booking_data_into_db, execution_date=20240517T000000, start_date=20240518T063606, end_date=20240518T063606
[2024-05-18T06:36:06.907+0000] {local_task_job_runner.py:234} INFO - Task exited with return code 0
[2024-05-18T06:36:06.933+0000] {taskinstance.py:3280} INFO - 1 downstream tasks scheduled from follow-on schedule check
