[2024-05-20T15:40:51.007+0000] {taskinstance.py:1956} INFO - Dependencies all met for dep_context=non-requeueable deps ti=<TaskInstance: create_transection_data.create_transection_data manual__2024-05-20T15:40:43.633273+00:00 [queued]>
[2024-05-20T15:40:51.019+0000] {taskinstance.py:1956} INFO - Dependencies all met for dep_context=requeueable deps ti=<TaskInstance: create_transection_data.create_transection_data manual__2024-05-20T15:40:43.633273+00:00 [queued]>
[2024-05-20T15:40:51.022+0000] {taskinstance.py:2170} INFO - Starting attempt 1 of 4
[2024-05-20T15:40:51.040+0000] {taskinstance.py:2191} INFO - Executing <Task(PythonOperator): create_transection_data> on 2024-05-20 15:40:43.633273+00:00
[2024-05-20T15:40:51.052+0000] {standard_task_runner.py:60} INFO - Started process 15938 to run task
[2024-05-20T15:40:51.059+0000] {standard_task_runner.py:87} INFO - Running: ['***', 'tasks', 'run', 'create_transection_data', 'create_transection_data', 'manual__2024-05-20T15:40:43.633273+00:00', '--job-id', '933', '--raw', '--subdir', 'DAGS_FOLDER/transection_data.py', '--cfg-path', '/tmp/tmp1jo_rotq']
[2024-05-20T15:40:51.065+0000] {standard_task_runner.py:88} INFO - Job 933: Subtask create_transection_data
[2024-05-20T15:40:51.179+0000] {task_command.py:423} INFO - Running <TaskInstance: create_transection_data.create_transection_data manual__2024-05-20T15:40:43.633273+00:00 [running]> on host e3e2dc6bc2be
[2024-05-20T15:40:51.412+0000] {taskinstance.py:2480} INFO - Exporting env vars: AIRFLOW_CTX_DAG_OWNER='***' AIRFLOW_CTX_DAG_ID='create_transection_data' AIRFLOW_CTX_TASK_ID='create_transection_data' AIRFLOW_CTX_EXECUTION_DATE='2024-05-20T15:40:43.633273+00:00' AIRFLOW_CTX_TRY_NUMBER='1' AIRFLOW_CTX_DAG_RUN_ID='manual__2024-05-20T15:40:43.633273+00:00'
[2024-05-20T15:40:51.448+0000] {base.py:83} INFO - Using connection ID 'postgres_conn' for task execution.
[2024-05-20T15:40:51.471+0000] {sql.py:450} INFO - Running statement: 
        CREATE TABLE IF NOT EXISTS transsection AS
        SELECT 
            th.date,
            th.time,
            th.temperature,
            th.humidity,
            th.heat,
            td.booking_id,
            td.activity_id,
            td.booking_request_date,
            td.booking_start_date,
            td.booking_end_date,
            td.booking_start_time,
            td.booking_end_time,
            td.duration_in_minute,
            td.booking_remarks,
            td.subject_code,
            td.requester_name,
            td.room,
            td.floor,
            td.participant_type_id,
            td.participant_type,
            td.amount_exact,
            td.amount,
            td.activity_name,
            td.section,
            td.subject_name,
            td.class_date,
            td.class_start,
            td.class_end,
            td.num_enrolledStd,
            td.num_present,
            td.percent_present,
            td.num_absent,
            td.percent_absent,
            td.num_leave,
            td.percent_leave
        FROM 
            temp_and_humi AS th
        LEFT JOIN 
            api_data AS td ON 
            th.date = td.booking_start_date 
            AND CAST(th.time AS time) >= CAST(td.booking_start_time AS time) 
            AND CAST(th.time AS time) < CAST(td.booking_end_time AS time);
  
        , parameters: None
[2024-05-20T15:40:51.513+0000] {sql.py:459} INFO - Rows affected: 5719
[2024-05-20T15:40:51.524+0000] {transection_data.py:152} INFO - Successfully created transsection table.
[2024-05-20T15:40:51.526+0000] {python.py:201} INFO - Done. Returned value was: None
[2024-05-20T15:40:51.549+0000] {taskinstance.py:1138} INFO - Marking task as SUCCESS. dag_id=create_transection_data, task_id=create_transection_data, execution_date=20240520T154043, start_date=20240520T154051, end_date=20240520T154051
[2024-05-20T15:40:51.607+0000] {local_task_job_runner.py:234} INFO - Task exited with return code 0
[2024-05-20T15:40:51.642+0000] {taskinstance.py:3280} INFO - 0 downstream tasks scheduled from follow-on schedule check
