[2024-05-17T04:38:03.984+0000] {taskinstance.py:1956} INFO - Dependencies all met for dep_context=non-requeueable deps ti=<TaskInstance: api_data_booking.get_jwt_token scheduled__2024-05-16T00:00:00+00:00 [queued]>
[2024-05-17T04:38:03.990+0000] {taskinstance.py:1956} INFO - Dependencies all met for dep_context=requeueable deps ti=<TaskInstance: api_data_booking.get_jwt_token scheduled__2024-05-16T00:00:00+00:00 [queued]>
[2024-05-17T04:38:03.992+0000] {taskinstance.py:2170} INFO - Starting attempt 1 of 4
[2024-05-17T04:38:04.003+0000] {taskinstance.py:2191} INFO - Executing <Task(PythonOperator): get_jwt_token> on 2024-05-16 00:00:00+00:00
[2024-05-17T04:38:04.009+0000] {standard_task_runner.py:60} INFO - Started process 1866 to run task
[2024-05-17T04:38:04.013+0000] {standard_task_runner.py:87} INFO - Running: ['***', 'tasks', 'run', 'api_data_booking', 'get_jwt_token', 'scheduled__2024-05-16T00:00:00+00:00', '--job-id', '150', '--raw', '--subdir', 'DAGS_FOLDER/api_data_booking.py', '--cfg-path', '/tmp/tmph0mqkyei']
[2024-05-17T04:38:04.018+0000] {standard_task_runner.py:88} INFO - Job 150: Subtask get_jwt_token
[2024-05-17T04:38:04.100+0000] {task_command.py:423} INFO - Running <TaskInstance: api_data_booking.get_jwt_token scheduled__2024-05-16T00:00:00+00:00 [running]> on host e3e2dc6bc2be
[2024-05-17T04:38:04.190+0000] {taskinstance.py:2480} INFO - Exporting env vars: AIRFLOW_CTX_DAG_OWNER='***' AIRFLOW_CTX_DAG_ID='api_data_booking' AIRFLOW_CTX_TASK_ID='get_jwt_token' AIRFLOW_CTX_EXECUTION_DATE='2024-05-16T00:00:00+00:00' AIRFLOW_CTX_TRY_NUMBER='1' AIRFLOW_CTX_DAG_RUN_ID='scheduled__2024-05-16T00:00:00+00:00'
[2024-05-17T04:38:04.426+0000] {python.py:201} INFO - Done. Returned value was: eyJhbGciOiJIUzI1NiIsInR5cCI6IkpXVCJ9.eyJJZCI6IjEiLCJyb2xlIjoiVXNlciIsInVuaXF1ZV9uYW1lIjoiSU9TU0FQSSIsIlBlcm1pc3Npb24iOlsiQm9va2luZy5WaWV3IiwiQ2xhc3NJbmZvLlZpZXciXSwibmJmIjoxNzE1OTIwNjcyLCJleHAiOjE3MTU5MjQyNzIsImlhdCI6MTcxNTkyMDY3MiwiaXNzIjoiRElQIEFQSSIsImF1ZCI6IklDVCxNYWhpZG9sIFVuaXZlcnNpdHkifQ.dLjSyYBzoOEfNNjn4MDCbyXLvmfXjiOAEmg4OhMwY3A
[2024-05-17T04:38:04.446+0000] {taskinstance.py:1138} INFO - Marking task as SUCCESS. dag_id=api_data_booking, task_id=get_jwt_token, execution_date=20240516T000000, start_date=20240517T043803, end_date=20240517T043804
[2024-05-17T04:38:04.475+0000] {local_task_job_runner.py:234} INFO - Task exited with return code 0
[2024-05-17T04:38:04.503+0000] {taskinstance.py:3280} INFO - 1 downstream tasks scheduled from follow-on schedule check
[2024-05-17T06:06:02.545+0000] {taskinstance.py:1956} INFO - Dependencies all met for dep_context=non-requeueable deps ti=<TaskInstance: api_data_booking.get_jwt_token scheduled__2024-05-16T00:00:00+00:00 [queued]>
[2024-05-17T06:06:02.557+0000] {taskinstance.py:1956} INFO - Dependencies all met for dep_context=requeueable deps ti=<TaskInstance: api_data_booking.get_jwt_token scheduled__2024-05-16T00:00:00+00:00 [queued]>
[2024-05-17T06:06:02.558+0000] {taskinstance.py:2170} INFO - Starting attempt 1 of 4
[2024-05-17T06:06:02.566+0000] {taskinstance.py:2191} INFO - Executing <Task(PythonOperator): get_jwt_token> on 2024-05-16 00:00:00+00:00
[2024-05-17T06:06:02.570+0000] {standard_task_runner.py:60} INFO - Started process 5668 to run task
[2024-05-17T06:06:02.573+0000] {standard_task_runner.py:87} INFO - Running: ['***', 'tasks', 'run', 'api_data_booking', 'get_jwt_token', 'scheduled__2024-05-16T00:00:00+00:00', '--job-id', '187', '--raw', '--subdir', 'DAGS_FOLDER/api_data_booking.py', '--cfg-path', '/tmp/tmpf7zof9cx']
[2024-05-17T06:06:02.576+0000] {standard_task_runner.py:88} INFO - Job 187: Subtask get_jwt_token
[2024-05-17T06:06:02.612+0000] {task_command.py:423} INFO - Running <TaskInstance: api_data_booking.get_jwt_token scheduled__2024-05-16T00:00:00+00:00 [running]> on host e3e2dc6bc2be
[2024-05-17T06:06:02.702+0000] {taskinstance.py:2480} INFO - Exporting env vars: AIRFLOW_CTX_DAG_OWNER='***' AIRFLOW_CTX_DAG_ID='api_data_booking' AIRFLOW_CTX_TASK_ID='get_jwt_token' AIRFLOW_CTX_EXECUTION_DATE='2024-05-16T00:00:00+00:00' AIRFLOW_CTX_TRY_NUMBER='1' AIRFLOW_CTX_DAG_RUN_ID='scheduled__2024-05-16T00:00:00+00:00'
[2024-05-17T06:06:03.016+0000] {python.py:201} INFO - Done. Returned value was: eyJhbGciOiJIUzI1NiIsInR5cCI6IkpXVCJ9.eyJJZCI6IjEiLCJyb2xlIjoiVXNlciIsInVuaXF1ZV9uYW1lIjoiSU9TU0FQSSIsIlBlcm1pc3Npb24iOlsiQm9va2luZy5WaWV3IiwiQ2xhc3NJbmZvLlZpZXciXSwibmJmIjoxNzE1OTI1OTUxLCJleHAiOjE3MTU5Mjk1NTEsImlhdCI6MTcxNTkyNTk1MSwiaXNzIjoiRElQIEFQSSIsImF1ZCI6IklDVCxNYWhpZG9sIFVuaXZlcnNpdHkifQ.zdGzDY5QnVtjizVtLINGYXBCdNjCgZOT5dZIlg6Sgvw
[2024-05-17T06:06:03.050+0000] {taskinstance.py:1138} INFO - Marking task as SUCCESS. dag_id=api_data_booking, task_id=get_jwt_token, execution_date=20240516T000000, start_date=20240517T060602, end_date=20240517T060603
[2024-05-17T06:06:03.109+0000] {local_task_job_runner.py:234} INFO - Task exited with return code 0
[2024-05-17T06:06:03.135+0000] {taskinstance.py:3280} INFO - 1 downstream tasks scheduled from follow-on schedule check
