[2024-05-17T03:49:28.519+0000] {processor.py:161} INFO - Started process (PID=256) to work on /home/airflow/.local/lib/python3.8/site-packages/airflow/example_dags/example_subdag_operator.py
[2024-05-17T03:49:28.520+0000] {processor.py:830} INFO - Processing file /home/airflow/.local/lib/python3.8/site-packages/airflow/example_dags/example_subdag_operator.py for tasks to queue
[2024-05-17T03:49:28.522+0000] {logging_mixin.py:188} INFO - [2024-05-17T03:49:28.521+0000] {dagbag.py:538} INFO - Filling up the DagBag from /home/airflow/.local/lib/python3.8/site-packages/airflow/example_dags/example_subdag_operator.py
[2024-05-17T03:49:28.539+0000] {processor.py:840} INFO - DAG(s) 'example_subdag_operator.section-1', 'example_subdag_operator.section-2', 'example_subdag_operator' retrieved from /home/airflow/.local/lib/python3.8/site-packages/airflow/example_dags/example_subdag_operator.py
[2024-05-17T03:49:28.542+0000] {logging_mixin.py:188} INFO - [2024-05-17T03:49:28.542+0000] {dag.py:3036} INFO - Sync 3 DAGs
[2024-05-17T03:49:28.557+0000] {logging_mixin.py:188} INFO - [2024-05-17T03:49:28.557+0000] {dag.py:3823} INFO - Setting next_dagrun for example_subdag_operator to 2022-01-01 00:00:00+00:00, run_after=2022-01-01 00:00:00+00:00
[2024-05-17T03:49:28.560+0000] {logging_mixin.py:188} INFO - [2024-05-17T03:49:28.560+0000] {dag.py:3823} INFO - Setting next_dagrun for example_subdag_operator.section-1 to None, run_after=None
[2024-05-17T03:49:28.562+0000] {logging_mixin.py:188} INFO - [2024-05-17T03:49:28.562+0000] {dag.py:3823} INFO - Setting next_dagrun for example_subdag_operator.section-2 to None, run_after=None
[2024-05-17T03:49:28.567+0000] {logging_mixin.py:188} INFO - [2024-05-17T03:49:28.567+0000] {dag.py:3036} INFO - Sync 2 DAGs
[2024-05-17T03:49:28.571+0000] {logging_mixin.py:188} INFO - [2024-05-17T03:49:28.571+0000] {dag.py:3823} INFO - Setting next_dagrun for example_subdag_operator.section-1 to None, run_after=None
[2024-05-17T03:49:28.572+0000] {logging_mixin.py:188} INFO - [2024-05-17T03:49:28.572+0000] {dag.py:3823} INFO - Setting next_dagrun for example_subdag_operator.section-2 to None, run_after=None
[2024-05-17T03:49:28.579+0000] {processor.py:183} INFO - Processing /home/airflow/.local/lib/python3.8/site-packages/airflow/example_dags/example_subdag_operator.py took 0.064 seconds
[2024-05-17T03:49:59.183+0000] {processor.py:161} INFO - Started process (PID=503) to work on /home/airflow/.local/lib/python3.8/site-packages/airflow/example_dags/example_subdag_operator.py
[2024-05-17T03:49:59.185+0000] {processor.py:830} INFO - Processing file /home/airflow/.local/lib/python3.8/site-packages/airflow/example_dags/example_subdag_operator.py for tasks to queue
[2024-05-17T03:49:59.186+0000] {logging_mixin.py:188} INFO - [2024-05-17T03:49:59.186+0000] {dagbag.py:538} INFO - Filling up the DagBag from /home/airflow/.local/lib/python3.8/site-packages/airflow/example_dags/example_subdag_operator.py
[2024-05-17T03:49:59.204+0000] {processor.py:840} INFO - DAG(s) 'example_subdag_operator.section-1', 'example_subdag_operator.section-2', 'example_subdag_operator' retrieved from /home/airflow/.local/lib/python3.8/site-packages/airflow/example_dags/example_subdag_operator.py
[2024-05-17T03:49:59.257+0000] {logging_mixin.py:188} INFO - [2024-05-17T03:49:59.257+0000] {dag.py:3036} INFO - Sync 3 DAGs
[2024-05-17T03:49:59.269+0000] {logging_mixin.py:188} INFO - [2024-05-17T03:49:59.269+0000] {dag.py:3823} INFO - Setting next_dagrun for example_subdag_operator to 2022-01-01 00:00:00+00:00, run_after=2022-01-01 00:00:00+00:00
[2024-05-17T03:49:59.272+0000] {logging_mixin.py:188} INFO - [2024-05-17T03:49:59.272+0000] {dag.py:3823} INFO - Setting next_dagrun for example_subdag_operator.section-1 to None, run_after=None
[2024-05-17T03:49:59.273+0000] {logging_mixin.py:188} INFO - [2024-05-17T03:49:59.273+0000] {dag.py:3823} INFO - Setting next_dagrun for example_subdag_operator.section-2 to None, run_after=None
[2024-05-17T03:49:59.279+0000] {logging_mixin.py:188} INFO - [2024-05-17T03:49:59.278+0000] {dag.py:3036} INFO - Sync 2 DAGs
[2024-05-17T03:49:59.283+0000] {logging_mixin.py:188} INFO - [2024-05-17T03:49:59.283+0000] {dag.py:3823} INFO - Setting next_dagrun for example_subdag_operator.section-1 to None, run_after=None
[2024-05-17T03:49:59.284+0000] {logging_mixin.py:188} INFO - [2024-05-17T03:49:59.284+0000] {dag.py:3823} INFO - Setting next_dagrun for example_subdag_operator.section-2 to None, run_after=None
[2024-05-17T03:49:59.292+0000] {processor.py:183} INFO - Processing /home/airflow/.local/lib/python3.8/site-packages/airflow/example_dags/example_subdag_operator.py took 0.111 seconds
