[2024-05-17T03:49:28.163+0000] {processor.py:161} INFO - Started process (PID=216) to work on /home/airflow/.local/lib/python3.8/site-packages/airflow/example_dags/example_datasets.py
[2024-05-17T03:49:28.164+0000] {processor.py:830} INFO - Processing file /home/airflow/.local/lib/python3.8/site-packages/airflow/example_dags/example_datasets.py for tasks to queue
[2024-05-17T03:49:28.165+0000] {logging_mixin.py:188} INFO - [2024-05-17T03:49:28.165+0000] {dagbag.py:538} INFO - Filling up the DagBag from /home/airflow/.local/lib/python3.8/site-packages/airflow/example_dags/example_datasets.py
[2024-05-17T03:49:28.174+0000] {processor.py:840} INFO - DAG(s) 'dataset_produces_1', 'dataset_consumes_1', 'dataset_produces_2', 'dataset_consumes_1_and_2', 'dataset_consumes_1_never_scheduled', 'dataset_consumes_unknown_never_scheduled' retrieved from /home/airflow/.local/lib/python3.8/site-packages/airflow/example_dags/example_datasets.py
[2024-05-17T03:49:28.186+0000] {logging_mixin.py:188} INFO - [2024-05-17T03:49:28.186+0000] {dag.py:3036} INFO - Sync 6 DAGs
[2024-05-17T03:49:28.206+0000] {logging_mixin.py:188} INFO - [2024-05-17T03:49:28.206+0000] {dag.py:3823} INFO - Setting next_dagrun for dataset_consumes_1 to None, run_after=None
[2024-05-17T03:49:28.209+0000] {logging_mixin.py:188} INFO - [2024-05-17T03:49:28.209+0000] {dag.py:3823} INFO - Setting next_dagrun for dataset_consumes_1_and_2 to None, run_after=None
[2024-05-17T03:49:28.211+0000] {logging_mixin.py:188} INFO - [2024-05-17T03:49:28.211+0000] {dag.py:3823} INFO - Setting next_dagrun for dataset_consumes_1_never_scheduled to None, run_after=None
[2024-05-17T03:49:28.213+0000] {logging_mixin.py:188} INFO - [2024-05-17T03:49:28.213+0000] {dag.py:3823} INFO - Setting next_dagrun for dataset_consumes_unknown_never_scheduled to None, run_after=None
[2024-05-17T03:49:28.215+0000] {logging_mixin.py:188} INFO - [2024-05-17T03:49:28.215+0000] {dag.py:3823} INFO - Setting next_dagrun for dataset_produces_1 to 2024-05-16 00:00:00+00:00, run_after=2024-05-17 00:00:00+00:00
[2024-05-17T03:49:28.218+0000] {logging_mixin.py:188} INFO - [2024-05-17T03:49:28.217+0000] {dag.py:3823} INFO - Setting next_dagrun for dataset_produces_2 to None, run_after=None
[2024-05-17T03:49:28.240+0000] {processor.py:183} INFO - Processing /home/airflow/.local/lib/python3.8/site-packages/airflow/example_dags/example_datasets.py took 0.079 seconds
[2024-05-17T03:49:58.658+0000] {processor.py:161} INFO - Started process (PID=463) to work on /home/airflow/.local/lib/python3.8/site-packages/airflow/example_dags/example_datasets.py
[2024-05-17T03:49:58.660+0000] {processor.py:830} INFO - Processing file /home/airflow/.local/lib/python3.8/site-packages/airflow/example_dags/example_datasets.py for tasks to queue
[2024-05-17T03:49:58.661+0000] {logging_mixin.py:188} INFO - [2024-05-17T03:49:58.661+0000] {dagbag.py:538} INFO - Filling up the DagBag from /home/airflow/.local/lib/python3.8/site-packages/airflow/example_dags/example_datasets.py
[2024-05-17T03:49:58.668+0000] {processor.py:840} INFO - DAG(s) 'dataset_produces_2', 'dataset_consumes_1', 'dataset_consumes_1_never_scheduled', 'dataset_produces_1', 'dataset_consumes_1_and_2', 'dataset_consumes_unknown_never_scheduled' retrieved from /home/airflow/.local/lib/python3.8/site-packages/airflow/example_dags/example_datasets.py
[2024-05-17T03:49:58.759+0000] {logging_mixin.py:188} INFO - [2024-05-17T03:49:58.759+0000] {dag.py:3036} INFO - Sync 6 DAGs
[2024-05-17T03:49:58.773+0000] {logging_mixin.py:188} INFO - [2024-05-17T03:49:58.772+0000] {dag.py:3823} INFO - Setting next_dagrun for dataset_consumes_1 to None, run_after=None
[2024-05-17T03:49:58.775+0000] {logging_mixin.py:188} INFO - [2024-05-17T03:49:58.775+0000] {dag.py:3823} INFO - Setting next_dagrun for dataset_consumes_1_and_2 to None, run_after=None
[2024-05-17T03:49:58.777+0000] {logging_mixin.py:188} INFO - [2024-05-17T03:49:58.777+0000] {dag.py:3823} INFO - Setting next_dagrun for dataset_consumes_1_never_scheduled to None, run_after=None
[2024-05-17T03:49:58.778+0000] {logging_mixin.py:188} INFO - [2024-05-17T03:49:58.778+0000] {dag.py:3823} INFO - Setting next_dagrun for dataset_consumes_unknown_never_scheduled to None, run_after=None
[2024-05-17T03:49:58.781+0000] {logging_mixin.py:188} INFO - [2024-05-17T03:49:58.781+0000] {dag.py:3823} INFO - Setting next_dagrun for dataset_produces_1 to 2024-05-16 00:00:00+00:00, run_after=2024-05-17 00:00:00+00:00
[2024-05-17T03:49:58.783+0000] {logging_mixin.py:188} INFO - [2024-05-17T03:49:58.783+0000] {dag.py:3823} INFO - Setting next_dagrun for dataset_produces_2 to None, run_after=None
[2024-05-17T03:49:58.801+0000] {processor.py:183} INFO - Processing /home/airflow/.local/lib/python3.8/site-packages/airflow/example_dags/example_datasets.py took 0.146 seconds
