[2024-05-20T03:30:42.472+0000] {taskinstance.py:1956} INFO - Dependencies all met for dep_context=non-requeueable deps ti=<TaskInstance: temp_humi_dag.create_table_database manual__2024-05-20T03:30:40.223864+00:00 [queued]>
[2024-05-20T03:30:42.477+0000] {taskinstance.py:1956} INFO - Dependencies all met for dep_context=requeueable deps ti=<TaskInstance: temp_humi_dag.create_table_database manual__2024-05-20T03:30:40.223864+00:00 [queued]>
[2024-05-20T03:30:42.478+0000] {taskinstance.py:2170} INFO - Starting attempt 1 of 4
[2024-05-20T03:30:42.485+0000] {taskinstance.py:2191} INFO - Executing <Task(PythonOperator): create_table_database> on 2024-05-20 03:30:40.223864+00:00
[2024-05-20T03:30:42.489+0000] {standard_task_runner.py:60} INFO - Started process 486 to run task
[2024-05-20T03:30:42.491+0000] {standard_task_runner.py:87} INFO - Running: ['***', 'tasks', 'run', 'temp_humi_dag', 'create_table_database', 'manual__2024-05-20T03:30:40.223864+00:00', '--job-id', '624', '--raw', '--subdir', 'DAGS_FOLDER/ICTTemp_Humi_DAG.py', '--cfg-path', '/tmp/tmpl882kt6h']
[2024-05-20T03:30:42.494+0000] {standard_task_runner.py:88} INFO - Job 624: Subtask create_table_database
[2024-05-20T03:30:42.521+0000] {task_command.py:423} INFO - Running <TaskInstance: temp_humi_dag.create_table_database manual__2024-05-20T03:30:40.223864+00:00 [running]> on host e3e2dc6bc2be
[2024-05-20T03:30:42.565+0000] {taskinstance.py:2480} INFO - Exporting env vars: AIRFLOW_CTX_DAG_OWNER='Group4' AIRFLOW_CTX_DAG_ID='temp_humi_dag' AIRFLOW_CTX_TASK_ID='create_table_database' AIRFLOW_CTX_EXECUTION_DATE='2024-05-20T03:30:40.223864+00:00' AIRFLOW_CTX_TRY_NUMBER='1' AIRFLOW_CTX_DAG_RUN_ID='manual__2024-05-20T03:30:40.223864+00:00'
[2024-05-20T03:30:42.572+0000] {base.py:83} INFO - Using connection ID 'postgres_conn' for task execution.
[2024-05-20T03:30:42.581+0000] {sql.py:450} INFO - Running statement: 
                CREATE TABLE IF NOT EXISTS temp_and_humi (
                date DATE NOT NULL,
                time TIME NOT NULL,
                temperature DECIMAL(5,2) NOT NULL,
                humidity DECIMAL(5,2) NOT NULL,
                heat DECIMAL(5,2) NOT NULL,
                PRIMARY KEY (date, time)
                );
        , parameters: None
[2024-05-20T03:30:42.585+0000] {logging_mixin.py:188} INFO - Table 'booking' created successfully or already exists.
[2024-05-20T03:30:42.585+0000] {python.py:201} INFO - Done. Returned value was: None
[2024-05-20T03:30:42.591+0000] {taskinstance.py:1138} INFO - Marking task as SUCCESS. dag_id=temp_humi_dag, task_id=create_table_database, execution_date=20240520T033040, start_date=20240520T033042, end_date=20240520T033042
[2024-05-20T03:30:42.624+0000] {local_task_job_runner.py:234} INFO - Task exited with return code 0
[2024-05-20T03:30:42.639+0000] {taskinstance.py:3280} INFO - 1 downstream tasks scheduled from follow-on schedule check
