[2024-05-17T10:04:07.199+0000] {processor.py:161} INFO - Started process (PID=2089) to work on /opt/airflow/dags/transection_data.py
[2024-05-17T10:04:07.201+0000] {processor.py:830} INFO - Processing file /opt/airflow/dags/transection_data.py for tasks to queue
[2024-05-17T10:04:07.202+0000] {logging_mixin.py:188} INFO - [2024-05-17T10:04:07.202+0000] {dagbag.py:538} INFO - Filling up the DagBag from /opt/airflow/dags/transection_data.py
[2024-05-17T10:04:07.221+0000] {processor.py:840} INFO - DAG(s) 'create_transection_data' retrieved from /opt/airflow/dags/transection_data.py
[2024-05-17T10:04:07.287+0000] {logging_mixin.py:188} INFO - [2024-05-17T10:04:07.286+0000] {override.py:1769} INFO - Created Permission View: can edit on DAG:create_transection_data
[2024-05-17T10:04:07.294+0000] {logging_mixin.py:188} INFO - [2024-05-17T10:04:07.293+0000] {override.py:1769} INFO - Created Permission View: can delete on DAG:create_transection_data
[2024-05-17T10:04:07.298+0000] {logging_mixin.py:188} INFO - [2024-05-17T10:04:07.297+0000] {override.py:1769} INFO - Created Permission View: can read on DAG:create_transection_data
[2024-05-17T10:04:07.298+0000] {logging_mixin.py:188} INFO - [2024-05-17T10:04:07.298+0000] {dag.py:3036} INFO - Sync 1 DAGs
[2024-05-17T10:04:07.305+0000] {logging_mixin.py:188} INFO - [2024-05-17T10:04:07.304+0000] {dag.py:3058} INFO - Creating ORM DAG for create_transection_data
[2024-05-17T10:04:07.310+0000] {logging_mixin.py:188} INFO - [2024-05-17T10:04:07.310+0000] {dag.py:3823} INFO - Setting next_dagrun for create_transection_data to 2024-01-01 00:00:00+00:00, run_after=2024-01-02 00:00:00+00:00
[2024-05-17T10:04:07.319+0000] {processor.py:183} INFO - Processing /opt/airflow/dags/transection_data.py took 0.122 seconds
[2024-05-17T10:04:37.725+0000] {processor.py:161} INFO - Started process (PID=2121) to work on /opt/airflow/dags/transection_data.py
[2024-05-17T10:04:37.727+0000] {processor.py:830} INFO - Processing file /opt/airflow/dags/transection_data.py for tasks to queue
[2024-05-17T10:04:37.728+0000] {logging_mixin.py:188} INFO - [2024-05-17T10:04:37.728+0000] {dagbag.py:538} INFO - Filling up the DagBag from /opt/airflow/dags/transection_data.py
[2024-05-17T10:04:37.744+0000] {processor.py:840} INFO - DAG(s) 'create_transection_data' retrieved from /opt/airflow/dags/transection_data.py
[2024-05-17T10:04:37.760+0000] {logging_mixin.py:188} INFO - [2024-05-17T10:04:37.760+0000] {dag.py:3036} INFO - Sync 1 DAGs
[2024-05-17T10:04:37.773+0000] {logging_mixin.py:188} INFO - [2024-05-17T10:04:37.773+0000] {dag.py:3823} INFO - Setting next_dagrun for create_transection_data to 2024-01-01 00:00:00+00:00, run_after=2024-01-02 00:00:00+00:00
[2024-05-17T10:04:37.784+0000] {processor.py:183} INFO - Processing /opt/airflow/dags/transection_data.py took 0.062 seconds
[2024-05-17T10:05:08.311+0000] {processor.py:161} INFO - Started process (PID=2152) to work on /opt/airflow/dags/transection_data.py
[2024-05-17T10:05:08.313+0000] {processor.py:830} INFO - Processing file /opt/airflow/dags/transection_data.py for tasks to queue
[2024-05-17T10:05:08.314+0000] {logging_mixin.py:188} INFO - [2024-05-17T10:05:08.314+0000] {dagbag.py:538} INFO - Filling up the DagBag from /opt/airflow/dags/transection_data.py
[2024-05-17T10:05:08.328+0000] {processor.py:840} INFO - DAG(s) 'create_transection_data' retrieved from /opt/airflow/dags/transection_data.py
[2024-05-17T10:05:08.346+0000] {logging_mixin.py:188} INFO - [2024-05-17T10:05:08.346+0000] {dag.py:3036} INFO - Sync 1 DAGs
[2024-05-17T10:05:08.363+0000] {logging_mixin.py:188} INFO - [2024-05-17T10:05:08.363+0000] {dag.py:3823} INFO - Setting next_dagrun for create_transection_data to 2024-01-01 00:00:00+00:00, run_after=2024-01-02 00:00:00+00:00
[2024-05-17T10:05:08.377+0000] {processor.py:183} INFO - Processing /opt/airflow/dags/transection_data.py took 0.069 seconds
[2024-05-17T10:05:38.927+0000] {processor.py:161} INFO - Started process (PID=2183) to work on /opt/airflow/dags/transection_data.py
[2024-05-17T10:05:38.931+0000] {processor.py:830} INFO - Processing file /opt/airflow/dags/transection_data.py for tasks to queue
[2024-05-17T10:05:38.934+0000] {logging_mixin.py:188} INFO - [2024-05-17T10:05:38.933+0000] {dagbag.py:538} INFO - Filling up the DagBag from /opt/airflow/dags/transection_data.py
[2024-05-17T10:05:38.954+0000] {processor.py:840} INFO - DAG(s) 'create_transection_data' retrieved from /opt/airflow/dags/transection_data.py
[2024-05-17T10:05:38.975+0000] {logging_mixin.py:188} INFO - [2024-05-17T10:05:38.975+0000] {dag.py:3036} INFO - Sync 1 DAGs
[2024-05-17T10:05:38.990+0000] {logging_mixin.py:188} INFO - [2024-05-17T10:05:38.990+0000] {dag.py:3823} INFO - Setting next_dagrun for create_transection_data to 2024-01-01 00:00:00+00:00, run_after=2024-01-02 00:00:00+00:00
[2024-05-17T10:05:39.005+0000] {processor.py:183} INFO - Processing /opt/airflow/dags/transection_data.py took 0.083 seconds
[2024-05-17T10:06:09.528+0000] {processor.py:161} INFO - Started process (PID=2215) to work on /opt/airflow/dags/transection_data.py
[2024-05-17T10:06:09.532+0000] {processor.py:830} INFO - Processing file /opt/airflow/dags/transection_data.py for tasks to queue
[2024-05-17T10:06:09.533+0000] {logging_mixin.py:188} INFO - [2024-05-17T10:06:09.533+0000] {dagbag.py:538} INFO - Filling up the DagBag from /opt/airflow/dags/transection_data.py
[2024-05-17T10:06:09.554+0000] {processor.py:840} INFO - DAG(s) 'create_transection_data' retrieved from /opt/airflow/dags/transection_data.py
[2024-05-17T10:06:09.573+0000] {logging_mixin.py:188} INFO - [2024-05-17T10:06:09.573+0000] {dag.py:3036} INFO - Sync 1 DAGs
[2024-05-17T10:06:09.588+0000] {logging_mixin.py:188} INFO - [2024-05-17T10:06:09.588+0000] {dag.py:3823} INFO - Setting next_dagrun for create_transection_data to 2024-01-01 00:00:00+00:00, run_after=2024-01-02 00:00:00+00:00
[2024-05-17T10:06:09.601+0000] {processor.py:183} INFO - Processing /opt/airflow/dags/transection_data.py took 0.077 seconds
[2024-05-17T10:06:40.178+0000] {processor.py:161} INFO - Started process (PID=2246) to work on /opt/airflow/dags/transection_data.py
[2024-05-17T10:06:40.184+0000] {processor.py:830} INFO - Processing file /opt/airflow/dags/transection_data.py for tasks to queue
[2024-05-17T10:06:40.187+0000] {logging_mixin.py:188} INFO - [2024-05-17T10:06:40.186+0000] {dagbag.py:538} INFO - Filling up the DagBag from /opt/airflow/dags/transection_data.py
[2024-05-17T10:06:40.206+0000] {processor.py:840} INFO - DAG(s) 'create_transection_data' retrieved from /opt/airflow/dags/transection_data.py
[2024-05-17T10:06:40.225+0000] {logging_mixin.py:188} INFO - [2024-05-17T10:06:40.225+0000] {dag.py:3036} INFO - Sync 1 DAGs
[2024-05-17T10:06:40.239+0000] {logging_mixin.py:188} INFO - [2024-05-17T10:06:40.239+0000] {dag.py:3823} INFO - Setting next_dagrun for create_transection_data to 2024-01-01 00:00:00+00:00, run_after=2024-01-02 00:00:00+00:00
[2024-05-17T10:06:40.250+0000] {processor.py:183} INFO - Processing /opt/airflow/dags/transection_data.py took 0.085 seconds
[2024-05-17T10:07:10.795+0000] {processor.py:161} INFO - Started process (PID=2277) to work on /opt/airflow/dags/transection_data.py
[2024-05-17T10:07:10.798+0000] {processor.py:830} INFO - Processing file /opt/airflow/dags/transection_data.py for tasks to queue
[2024-05-17T10:07:10.800+0000] {logging_mixin.py:188} INFO - [2024-05-17T10:07:10.800+0000] {dagbag.py:538} INFO - Filling up the DagBag from /opt/airflow/dags/transection_data.py
[2024-05-17T10:07:10.823+0000] {processor.py:840} INFO - DAG(s) 'create_transection_data' retrieved from /opt/airflow/dags/transection_data.py
[2024-05-17T10:07:10.849+0000] {logging_mixin.py:188} INFO - [2024-05-17T10:07:10.849+0000] {dag.py:3036} INFO - Sync 1 DAGs
[2024-05-17T10:07:10.863+0000] {logging_mixin.py:188} INFO - [2024-05-17T10:07:10.863+0000] {dag.py:3823} INFO - Setting next_dagrun for create_transection_data to 2024-01-01 00:00:00+00:00, run_after=2024-01-02 00:00:00+00:00
[2024-05-17T10:07:10.875+0000] {processor.py:183} INFO - Processing /opt/airflow/dags/transection_data.py took 0.083 seconds
[2024-05-17T10:07:41.440+0000] {processor.py:161} INFO - Started process (PID=2308) to work on /opt/airflow/dags/transection_data.py
[2024-05-17T10:07:41.444+0000] {processor.py:830} INFO - Processing file /opt/airflow/dags/transection_data.py for tasks to queue
[2024-05-17T10:07:41.446+0000] {logging_mixin.py:188} INFO - [2024-05-17T10:07:41.446+0000] {dagbag.py:538} INFO - Filling up the DagBag from /opt/airflow/dags/transection_data.py
[2024-05-17T10:07:41.470+0000] {processor.py:840} INFO - DAG(s) 'create_transection_data' retrieved from /opt/airflow/dags/transection_data.py
[2024-05-17T10:07:41.490+0000] {logging_mixin.py:188} INFO - [2024-05-17T10:07:41.490+0000] {dag.py:3036} INFO - Sync 1 DAGs
[2024-05-17T10:07:41.505+0000] {logging_mixin.py:188} INFO - [2024-05-17T10:07:41.504+0000] {dag.py:3823} INFO - Setting next_dagrun for create_transection_data to 2024-01-01 00:00:00+00:00, run_after=2024-01-02 00:00:00+00:00
[2024-05-17T10:07:41.516+0000] {processor.py:183} INFO - Processing /opt/airflow/dags/transection_data.py took 0.082 seconds
[2024-05-17T10:08:11.619+0000] {processor.py:161} INFO - Started process (PID=2419) to work on /opt/airflow/dags/transection_data.py
[2024-05-17T10:08:11.624+0000] {processor.py:830} INFO - Processing file /opt/airflow/dags/transection_data.py for tasks to queue
[2024-05-17T10:08:11.627+0000] {logging_mixin.py:188} INFO - [2024-05-17T10:08:11.626+0000] {dagbag.py:538} INFO - Filling up the DagBag from /opt/airflow/dags/transection_data.py
[2024-05-17T10:08:11.674+0000] {processor.py:840} INFO - DAG(s) 'create_transection_data' retrieved from /opt/airflow/dags/transection_data.py
[2024-05-17T10:08:11.756+0000] {logging_mixin.py:188} INFO - [2024-05-17T10:08:11.755+0000] {dag.py:3036} INFO - Sync 1 DAGs
[2024-05-17T10:08:11.767+0000] {logging_mixin.py:188} INFO - [2024-05-17T10:08:11.767+0000] {dag.py:3058} INFO - Creating ORM DAG for create_transection_data
[2024-05-17T10:08:11.775+0000] {logging_mixin.py:188} INFO - [2024-05-17T10:08:11.775+0000] {dag.py:3823} INFO - Setting next_dagrun for create_transection_data to 2024-01-01 00:00:00+00:00, run_after=2024-01-02 00:00:00+00:00
[2024-05-17T10:08:11.784+0000] {processor.py:183} INFO - Processing /opt/airflow/dags/transection_data.py took 0.173 seconds
[2024-05-17T10:08:25.024+0000] {processor.py:161} INFO - Started process (PID=2439) to work on /opt/airflow/dags/transection_data.py
[2024-05-17T10:08:25.027+0000] {processor.py:830} INFO - Processing file /opt/airflow/dags/transection_data.py for tasks to queue
[2024-05-17T10:08:25.029+0000] {logging_mixin.py:188} INFO - [2024-05-17T10:08:25.028+0000] {dagbag.py:538} INFO - Filling up the DagBag from /opt/airflow/dags/transection_data.py
[2024-05-17T10:08:25.053+0000] {processor.py:840} INFO - DAG(s) 'create_transection_data' retrieved from /opt/airflow/dags/transection_data.py
[2024-05-17T10:08:25.068+0000] {logging_mixin.py:188} INFO - [2024-05-17T10:08:25.068+0000] {dag.py:3036} INFO - Sync 1 DAGs
[2024-05-17T10:08:25.083+0000] {logging_mixin.py:188} INFO - [2024-05-17T10:08:25.083+0000] {dag.py:3823} INFO - Setting next_dagrun for create_transection_data to 2024-01-01 00:00:00+00:00, run_after=2024-01-02 00:00:00+00:00
[2024-05-17T10:08:25.095+0000] {processor.py:183} INFO - Processing /opt/airflow/dags/transection_data.py took 0.076 seconds
[2024-05-17T10:08:34.250+0000] {processor.py:161} INFO - Started process (PID=2455) to work on /opt/airflow/dags/transection_data.py
[2024-05-17T10:08:34.252+0000] {processor.py:830} INFO - Processing file /opt/airflow/dags/transection_data.py for tasks to queue
[2024-05-17T10:08:34.254+0000] {logging_mixin.py:188} INFO - [2024-05-17T10:08:34.254+0000] {dagbag.py:538} INFO - Filling up the DagBag from /opt/airflow/dags/transection_data.py
[2024-05-17T10:08:34.286+0000] {processor.py:840} INFO - DAG(s) 'create_transection_data' retrieved from /opt/airflow/dags/transection_data.py
[2024-05-17T10:08:34.297+0000] {logging_mixin.py:188} INFO - [2024-05-17T10:08:34.297+0000] {dag.py:3036} INFO - Sync 1 DAGs
[2024-05-17T10:08:34.310+0000] {logging_mixin.py:188} INFO - [2024-05-17T10:08:34.310+0000] {dag.py:3823} INFO - Setting next_dagrun for create_transection_data to 2024-01-16 00:00:00+00:00, run_after=2024-01-17 00:00:00+00:00
[2024-05-17T10:08:34.324+0000] {processor.py:183} INFO - Processing /opt/airflow/dags/transection_data.py took 0.079 seconds
[2024-05-17T10:08:35.357+0000] {processor.py:161} INFO - Started process (PID=2460) to work on /opt/airflow/dags/transection_data.py
[2024-05-17T10:08:35.359+0000] {processor.py:830} INFO - Processing file /opt/airflow/dags/transection_data.py for tasks to queue
[2024-05-17T10:08:35.361+0000] {logging_mixin.py:188} INFO - [2024-05-17T10:08:35.360+0000] {dagbag.py:538} INFO - Filling up the DagBag from /opt/airflow/dags/transection_data.py
[2024-05-17T10:08:35.387+0000] {processor.py:840} INFO - DAG(s) 'create_transection_data' retrieved from /opt/airflow/dags/transection_data.py
[2024-05-17T10:08:35.400+0000] {logging_mixin.py:188} INFO - [2024-05-17T10:08:35.399+0000] {dag.py:3036} INFO - Sync 1 DAGs
[2024-05-17T10:08:35.414+0000] {logging_mixin.py:188} INFO - [2024-05-17T10:08:35.414+0000] {dag.py:3823} INFO - Setting next_dagrun for create_transection_data to 2024-05-16 00:00:00+00:00, run_after=2024-05-17 00:00:00+00:00
[2024-05-17T10:08:35.428+0000] {processor.py:183} INFO - Processing /opt/airflow/dags/transection_data.py took 0.073 seconds
[2024-05-17T10:09:05.974+0000] {processor.py:161} INFO - Started process (PID=2498) to work on /opt/airflow/dags/transection_data.py
[2024-05-17T10:09:05.977+0000] {processor.py:830} INFO - Processing file /opt/airflow/dags/transection_data.py for tasks to queue
[2024-05-17T10:09:05.978+0000] {logging_mixin.py:188} INFO - [2024-05-17T10:09:05.978+0000] {dagbag.py:538} INFO - Filling up the DagBag from /opt/airflow/dags/transection_data.py
[2024-05-17T10:09:05.993+0000] {processor.py:840} INFO - DAG(s) 'create_transection_data' retrieved from /opt/airflow/dags/transection_data.py
[2024-05-17T10:09:06.056+0000] {logging_mixin.py:188} INFO - [2024-05-17T10:09:06.055+0000] {dag.py:3036} INFO - Sync 1 DAGs
[2024-05-17T10:09:06.067+0000] {logging_mixin.py:188} INFO - [2024-05-17T10:09:06.067+0000] {dag.py:3823} INFO - Setting next_dagrun for create_transection_data to 2024-05-17 00:00:00+00:00, run_after=2024-05-18 00:00:00+00:00
[2024-05-17T10:09:06.078+0000] {processor.py:183} INFO - Processing /opt/airflow/dags/transection_data.py took 0.107 seconds
[2024-05-17T10:09:36.692+0000] {processor.py:161} INFO - Started process (PID=2529) to work on /opt/airflow/dags/transection_data.py
[2024-05-17T10:09:36.695+0000] {processor.py:830} INFO - Processing file /opt/airflow/dags/transection_data.py for tasks to queue
[2024-05-17T10:09:36.697+0000] {logging_mixin.py:188} INFO - [2024-05-17T10:09:36.697+0000] {dagbag.py:538} INFO - Filling up the DagBag from /opt/airflow/dags/transection_data.py
[2024-05-17T10:09:36.716+0000] {processor.py:840} INFO - DAG(s) 'create_transection_data' retrieved from /opt/airflow/dags/transection_data.py
[2024-05-17T10:09:36.732+0000] {logging_mixin.py:188} INFO - [2024-05-17T10:09:36.732+0000] {dag.py:3036} INFO - Sync 1 DAGs
[2024-05-17T10:09:36.744+0000] {logging_mixin.py:188} INFO - [2024-05-17T10:09:36.744+0000] {dag.py:3823} INFO - Setting next_dagrun for create_transection_data to 2024-05-17 00:00:00+00:00, run_after=2024-05-18 00:00:00+00:00
[2024-05-17T10:09:36.753+0000] {processor.py:183} INFO - Processing /opt/airflow/dags/transection_data.py took 0.066 seconds
[2024-05-17T10:10:07.314+0000] {processor.py:161} INFO - Started process (PID=2560) to work on /opt/airflow/dags/transection_data.py
[2024-05-17T10:10:07.317+0000] {processor.py:830} INFO - Processing file /opt/airflow/dags/transection_data.py for tasks to queue
[2024-05-17T10:10:07.319+0000] {logging_mixin.py:188} INFO - [2024-05-17T10:10:07.318+0000] {dagbag.py:538} INFO - Filling up the DagBag from /opt/airflow/dags/transection_data.py
[2024-05-17T10:10:07.335+0000] {processor.py:840} INFO - DAG(s) 'create_transection_data' retrieved from /opt/airflow/dags/transection_data.py
[2024-05-17T10:10:07.351+0000] {logging_mixin.py:188} INFO - [2024-05-17T10:10:07.351+0000] {dag.py:3036} INFO - Sync 1 DAGs
[2024-05-17T10:10:07.364+0000] {logging_mixin.py:188} INFO - [2024-05-17T10:10:07.364+0000] {dag.py:3823} INFO - Setting next_dagrun for create_transection_data to 2024-05-17 00:00:00+00:00, run_after=2024-05-18 00:00:00+00:00
[2024-05-17T10:10:07.373+0000] {processor.py:183} INFO - Processing /opt/airflow/dags/transection_data.py took 0.064 seconds
[2024-05-17T10:10:38.006+0000] {processor.py:161} INFO - Started process (PID=2591) to work on /opt/airflow/dags/transection_data.py
[2024-05-17T10:10:38.009+0000] {processor.py:830} INFO - Processing file /opt/airflow/dags/transection_data.py for tasks to queue
[2024-05-17T10:10:38.011+0000] {logging_mixin.py:188} INFO - [2024-05-17T10:10:38.010+0000] {dagbag.py:538} INFO - Filling up the DagBag from /opt/airflow/dags/transection_data.py
[2024-05-17T10:10:38.028+0000] {processor.py:840} INFO - DAG(s) 'create_transection_data' retrieved from /opt/airflow/dags/transection_data.py
[2024-05-17T10:10:38.045+0000] {logging_mixin.py:188} INFO - [2024-05-17T10:10:38.045+0000] {dag.py:3036} INFO - Sync 1 DAGs
[2024-05-17T10:10:38.059+0000] {logging_mixin.py:188} INFO - [2024-05-17T10:10:38.059+0000] {dag.py:3823} INFO - Setting next_dagrun for create_transection_data to 2024-05-17 00:00:00+00:00, run_after=2024-05-18 00:00:00+00:00
[2024-05-17T10:10:38.069+0000] {processor.py:183} INFO - Processing /opt/airflow/dags/transection_data.py took 0.066 seconds
[2024-05-17T10:11:08.597+0000] {processor.py:161} INFO - Started process (PID=2630) to work on /opt/airflow/dags/transection_data.py
[2024-05-17T10:11:08.601+0000] {processor.py:830} INFO - Processing file /opt/airflow/dags/transection_data.py for tasks to queue
[2024-05-17T10:11:08.605+0000] {logging_mixin.py:188} INFO - [2024-05-17T10:11:08.605+0000] {dagbag.py:538} INFO - Filling up the DagBag from /opt/airflow/dags/transection_data.py
[2024-05-17T10:11:08.627+0000] {processor.py:840} INFO - DAG(s) 'create_transection_data' retrieved from /opt/airflow/dags/transection_data.py
[2024-05-17T10:11:08.658+0000] {logging_mixin.py:188} INFO - [2024-05-17T10:11:08.658+0000] {dag.py:3036} INFO - Sync 1 DAGs
[2024-05-17T10:11:08.683+0000] {logging_mixin.py:188} INFO - [2024-05-17T10:11:08.682+0000] {dag.py:3823} INFO - Setting next_dagrun for create_transection_data to 2024-05-17 00:00:00+00:00, run_after=2024-05-18 00:00:00+00:00
[2024-05-17T10:11:08.708+0000] {processor.py:183} INFO - Processing /opt/airflow/dags/transection_data.py took 0.115 seconds
[2024-05-17T10:11:39.391+0000] {processor.py:161} INFO - Started process (PID=2669) to work on /opt/airflow/dags/transection_data.py
[2024-05-17T10:11:39.394+0000] {processor.py:830} INFO - Processing file /opt/airflow/dags/transection_data.py for tasks to queue
[2024-05-17T10:11:39.396+0000] {logging_mixin.py:188} INFO - [2024-05-17T10:11:39.396+0000] {dagbag.py:538} INFO - Filling up the DagBag from /opt/airflow/dags/transection_data.py
[2024-05-17T10:11:39.416+0000] {processor.py:840} INFO - DAG(s) 'create_transection_data' retrieved from /opt/airflow/dags/transection_data.py
[2024-05-17T10:11:39.446+0000] {logging_mixin.py:188} INFO - [2024-05-17T10:11:39.446+0000] {dag.py:3036} INFO - Sync 1 DAGs
[2024-05-17T10:11:39.460+0000] {logging_mixin.py:188} INFO - [2024-05-17T10:11:39.460+0000] {dag.py:3823} INFO - Setting next_dagrun for create_transection_data to 2024-05-17 00:00:00+00:00, run_after=2024-05-18 00:00:00+00:00
[2024-05-17T10:11:39.470+0000] {processor.py:183} INFO - Processing /opt/airflow/dags/transection_data.py took 0.085 seconds
[2024-05-17T10:12:10.020+0000] {processor.py:161} INFO - Started process (PID=2700) to work on /opt/airflow/dags/transection_data.py
[2024-05-17T10:12:10.023+0000] {processor.py:830} INFO - Processing file /opt/airflow/dags/transection_data.py for tasks to queue
[2024-05-17T10:12:10.025+0000] {logging_mixin.py:188} INFO - [2024-05-17T10:12:10.025+0000] {dagbag.py:538} INFO - Filling up the DagBag from /opt/airflow/dags/transection_data.py
[2024-05-17T10:12:10.045+0000] {processor.py:840} INFO - DAG(s) 'create_transection_data' retrieved from /opt/airflow/dags/transection_data.py
[2024-05-17T10:12:10.065+0000] {logging_mixin.py:188} INFO - [2024-05-17T10:12:10.065+0000] {dag.py:3036} INFO - Sync 1 DAGs
[2024-05-17T10:12:10.077+0000] {logging_mixin.py:188} INFO - [2024-05-17T10:12:10.077+0000] {dag.py:3823} INFO - Setting next_dagrun for create_transection_data to 2024-05-17 00:00:00+00:00, run_after=2024-05-18 00:00:00+00:00
[2024-05-17T10:12:10.087+0000] {processor.py:183} INFO - Processing /opt/airflow/dags/transection_data.py took 0.072 seconds
[2024-05-17T10:12:40.654+0000] {processor.py:161} INFO - Started process (PID=2731) to work on /opt/airflow/dags/transection_data.py
[2024-05-17T10:12:40.657+0000] {processor.py:830} INFO - Processing file /opt/airflow/dags/transection_data.py for tasks to queue
[2024-05-17T10:12:40.658+0000] {logging_mixin.py:188} INFO - [2024-05-17T10:12:40.658+0000] {dagbag.py:538} INFO - Filling up the DagBag from /opt/airflow/dags/transection_data.py
[2024-05-17T10:12:40.674+0000] {processor.py:840} INFO - DAG(s) 'create_transection_data' retrieved from /opt/airflow/dags/transection_data.py
[2024-05-17T10:12:40.690+0000] {logging_mixin.py:188} INFO - [2024-05-17T10:12:40.690+0000] {dag.py:3036} INFO - Sync 1 DAGs
[2024-05-17T10:12:40.702+0000] {logging_mixin.py:188} INFO - [2024-05-17T10:12:40.702+0000] {dag.py:3823} INFO - Setting next_dagrun for create_transection_data to 2024-05-17 00:00:00+00:00, run_after=2024-05-18 00:00:00+00:00
[2024-05-17T10:12:40.711+0000] {processor.py:183} INFO - Processing /opt/airflow/dags/transection_data.py took 0.061 seconds
[2024-05-17T10:13:11.274+0000] {processor.py:161} INFO - Started process (PID=2762) to work on /opt/airflow/dags/transection_data.py
[2024-05-17T10:13:11.278+0000] {processor.py:830} INFO - Processing file /opt/airflow/dags/transection_data.py for tasks to queue
[2024-05-17T10:13:11.281+0000] {logging_mixin.py:188} INFO - [2024-05-17T10:13:11.280+0000] {dagbag.py:538} INFO - Filling up the DagBag from /opt/airflow/dags/transection_data.py
[2024-05-17T10:13:11.303+0000] {processor.py:840} INFO - DAG(s) 'create_transection_data' retrieved from /opt/airflow/dags/transection_data.py
[2024-05-17T10:13:11.321+0000] {logging_mixin.py:188} INFO - [2024-05-17T10:13:11.321+0000] {dag.py:3036} INFO - Sync 1 DAGs
[2024-05-17T10:13:11.336+0000] {logging_mixin.py:188} INFO - [2024-05-17T10:13:11.336+0000] {dag.py:3823} INFO - Setting next_dagrun for create_transection_data to 2024-05-17 00:00:00+00:00, run_after=2024-05-18 00:00:00+00:00
[2024-05-17T10:13:11.346+0000] {processor.py:183} INFO - Processing /opt/airflow/dags/transection_data.py took 0.077 seconds
[2024-05-17T10:13:41.918+0000] {processor.py:161} INFO - Started process (PID=2794) to work on /opt/airflow/dags/transection_data.py
[2024-05-17T10:13:41.921+0000] {processor.py:830} INFO - Processing file /opt/airflow/dags/transection_data.py for tasks to queue
[2024-05-17T10:13:41.924+0000] {logging_mixin.py:188} INFO - [2024-05-17T10:13:41.923+0000] {dagbag.py:538} INFO - Filling up the DagBag from /opt/airflow/dags/transection_data.py
[2024-05-17T10:13:41.942+0000] {processor.py:840} INFO - DAG(s) 'create_transection_data' retrieved from /opt/airflow/dags/transection_data.py
[2024-05-17T10:13:41.961+0000] {logging_mixin.py:188} INFO - [2024-05-17T10:13:41.961+0000] {dag.py:3036} INFO - Sync 1 DAGs
[2024-05-17T10:13:41.976+0000] {logging_mixin.py:188} INFO - [2024-05-17T10:13:41.976+0000] {dag.py:3823} INFO - Setting next_dagrun for create_transection_data to 2024-05-17 00:00:00+00:00, run_after=2024-05-18 00:00:00+00:00
[2024-05-17T10:13:41.987+0000] {processor.py:183} INFO - Processing /opt/airflow/dags/transection_data.py took 0.073 seconds
[2024-05-17T10:14:12.674+0000] {processor.py:161} INFO - Started process (PID=2825) to work on /opt/airflow/dags/transection_data.py
[2024-05-17T10:14:12.677+0000] {processor.py:830} INFO - Processing file /opt/airflow/dags/transection_data.py for tasks to queue
[2024-05-17T10:14:12.679+0000] {logging_mixin.py:188} INFO - [2024-05-17T10:14:12.679+0000] {dagbag.py:538} INFO - Filling up the DagBag from /opt/airflow/dags/transection_data.py
[2024-05-17T10:14:12.701+0000] {processor.py:840} INFO - DAG(s) 'create_transection_data' retrieved from /opt/airflow/dags/transection_data.py
[2024-05-17T10:14:12.722+0000] {logging_mixin.py:188} INFO - [2024-05-17T10:14:12.722+0000] {dag.py:3036} INFO - Sync 1 DAGs
[2024-05-17T10:14:12.736+0000] {logging_mixin.py:188} INFO - [2024-05-17T10:14:12.736+0000] {dag.py:3823} INFO - Setting next_dagrun for create_transection_data to 2024-05-17 00:00:00+00:00, run_after=2024-05-18 00:00:00+00:00
[2024-05-17T10:14:12.747+0000] {processor.py:183} INFO - Processing /opt/airflow/dags/transection_data.py took 0.079 seconds
[2024-05-17T10:14:43.337+0000] {processor.py:161} INFO - Started process (PID=2856) to work on /opt/airflow/dags/transection_data.py
[2024-05-17T10:14:43.340+0000] {processor.py:830} INFO - Processing file /opt/airflow/dags/transection_data.py for tasks to queue
[2024-05-17T10:14:43.342+0000] {logging_mixin.py:188} INFO - [2024-05-17T10:14:43.341+0000] {dagbag.py:538} INFO - Filling up the DagBag from /opt/airflow/dags/transection_data.py
[2024-05-17T10:14:43.363+0000] {processor.py:840} INFO - DAG(s) 'create_transection_data' retrieved from /opt/airflow/dags/transection_data.py
[2024-05-17T10:14:43.382+0000] {logging_mixin.py:188} INFO - [2024-05-17T10:14:43.382+0000] {dag.py:3036} INFO - Sync 1 DAGs
[2024-05-17T10:14:43.396+0000] {logging_mixin.py:188} INFO - [2024-05-17T10:14:43.396+0000] {dag.py:3823} INFO - Setting next_dagrun for create_transection_data to 2024-05-17 00:00:00+00:00, run_after=2024-05-18 00:00:00+00:00
[2024-05-17T10:14:43.407+0000] {processor.py:183} INFO - Processing /opt/airflow/dags/transection_data.py took 0.076 seconds
[2024-05-17T10:15:14.094+0000] {processor.py:161} INFO - Started process (PID=2887) to work on /opt/airflow/dags/transection_data.py
[2024-05-17T10:15:14.097+0000] {processor.py:830} INFO - Processing file /opt/airflow/dags/transection_data.py for tasks to queue
[2024-05-17T10:15:14.099+0000] {logging_mixin.py:188} INFO - [2024-05-17T10:15:14.099+0000] {dagbag.py:538} INFO - Filling up the DagBag from /opt/airflow/dags/transection_data.py
[2024-05-17T10:15:14.123+0000] {processor.py:840} INFO - DAG(s) 'create_transection_data' retrieved from /opt/airflow/dags/transection_data.py
[2024-05-17T10:15:14.156+0000] {logging_mixin.py:188} INFO - [2024-05-17T10:15:14.156+0000] {dag.py:3036} INFO - Sync 1 DAGs
[2024-05-17T10:15:14.183+0000] {logging_mixin.py:188} INFO - [2024-05-17T10:15:14.182+0000] {dag.py:3823} INFO - Setting next_dagrun for create_transection_data to 2024-05-17 00:00:00+00:00, run_after=2024-05-18 00:00:00+00:00
[2024-05-17T10:15:14.194+0000] {processor.py:183} INFO - Processing /opt/airflow/dags/transection_data.py took 0.109 seconds
[2024-05-17T10:15:44.690+0000] {processor.py:161} INFO - Started process (PID=2918) to work on /opt/airflow/dags/transection_data.py
[2024-05-17T10:15:44.692+0000] {processor.py:830} INFO - Processing file /opt/airflow/dags/transection_data.py for tasks to queue
[2024-05-17T10:15:44.693+0000] {logging_mixin.py:188} INFO - [2024-05-17T10:15:44.693+0000] {dagbag.py:538} INFO - Filling up the DagBag from /opt/airflow/dags/transection_data.py
[2024-05-17T10:15:44.711+0000] {processor.py:840} INFO - DAG(s) 'create_transection_data' retrieved from /opt/airflow/dags/transection_data.py
[2024-05-17T10:15:44.730+0000] {logging_mixin.py:188} INFO - [2024-05-17T10:15:44.730+0000] {dag.py:3036} INFO - Sync 1 DAGs
[2024-05-17T10:15:44.743+0000] {logging_mixin.py:188} INFO - [2024-05-17T10:15:44.743+0000] {dag.py:3823} INFO - Setting next_dagrun for create_transection_data to 2024-05-17 00:00:00+00:00, run_after=2024-05-18 00:00:00+00:00
[2024-05-17T10:15:44.755+0000] {processor.py:183} INFO - Processing /opt/airflow/dags/transection_data.py took 0.068 seconds
[2024-05-17T10:16:15.245+0000] {processor.py:161} INFO - Started process (PID=2949) to work on /opt/airflow/dags/transection_data.py
[2024-05-17T10:16:15.247+0000] {processor.py:830} INFO - Processing file /opt/airflow/dags/transection_data.py for tasks to queue
[2024-05-17T10:16:15.249+0000] {logging_mixin.py:188} INFO - [2024-05-17T10:16:15.249+0000] {dagbag.py:538} INFO - Filling up the DagBag from /opt/airflow/dags/transection_data.py
[2024-05-17T10:16:15.261+0000] {processor.py:840} INFO - DAG(s) 'create_transection_data' retrieved from /opt/airflow/dags/transection_data.py
[2024-05-17T10:16:15.275+0000] {logging_mixin.py:188} INFO - [2024-05-17T10:16:15.275+0000] {dag.py:3036} INFO - Sync 1 DAGs
[2024-05-17T10:16:15.287+0000] {logging_mixin.py:188} INFO - [2024-05-17T10:16:15.287+0000] {dag.py:3823} INFO - Setting next_dagrun for create_transection_data to 2024-05-17 00:00:00+00:00, run_after=2024-05-18 00:00:00+00:00
[2024-05-17T10:16:15.297+0000] {processor.py:183} INFO - Processing /opt/airflow/dags/transection_data.py took 0.054 seconds
[2024-05-17T10:16:45.892+0000] {processor.py:161} INFO - Started process (PID=2980) to work on /opt/airflow/dags/transection_data.py
[2024-05-17T10:16:45.894+0000] {processor.py:830} INFO - Processing file /opt/airflow/dags/transection_data.py for tasks to queue
[2024-05-17T10:16:45.896+0000] {logging_mixin.py:188} INFO - [2024-05-17T10:16:45.896+0000] {dagbag.py:538} INFO - Filling up the DagBag from /opt/airflow/dags/transection_data.py
[2024-05-17T10:16:45.911+0000] {processor.py:840} INFO - DAG(s) 'create_transection_data' retrieved from /opt/airflow/dags/transection_data.py
[2024-05-17T10:16:45.926+0000] {logging_mixin.py:188} INFO - [2024-05-17T10:16:45.926+0000] {dag.py:3036} INFO - Sync 1 DAGs
[2024-05-17T10:16:45.938+0000] {logging_mixin.py:188} INFO - [2024-05-17T10:16:45.938+0000] {dag.py:3823} INFO - Setting next_dagrun for create_transection_data to 2024-05-17 00:00:00+00:00, run_after=2024-05-18 00:00:00+00:00
[2024-05-17T10:16:45.947+0000] {processor.py:183} INFO - Processing /opt/airflow/dags/transection_data.py took 0.058 seconds
[2024-05-17T10:17:16.563+0000] {processor.py:161} INFO - Started process (PID=3011) to work on /opt/airflow/dags/transection_data.py
[2024-05-17T10:17:16.565+0000] {processor.py:830} INFO - Processing file /opt/airflow/dags/transection_data.py for tasks to queue
[2024-05-17T10:17:16.567+0000] {logging_mixin.py:188} INFO - [2024-05-17T10:17:16.566+0000] {dagbag.py:538} INFO - Filling up the DagBag from /opt/airflow/dags/transection_data.py
[2024-05-17T10:17:16.583+0000] {processor.py:840} INFO - DAG(s) 'create_transection_data' retrieved from /opt/airflow/dags/transection_data.py
[2024-05-17T10:17:16.601+0000] {logging_mixin.py:188} INFO - [2024-05-17T10:17:16.601+0000] {dag.py:3036} INFO - Sync 1 DAGs
[2024-05-17T10:17:16.614+0000] {logging_mixin.py:188} INFO - [2024-05-17T10:17:16.613+0000] {dag.py:3823} INFO - Setting next_dagrun for create_transection_data to 2024-05-17 00:00:00+00:00, run_after=2024-05-18 00:00:00+00:00
[2024-05-17T10:17:16.624+0000] {processor.py:183} INFO - Processing /opt/airflow/dags/transection_data.py took 0.065 seconds
[2024-05-17T10:17:47.210+0000] {processor.py:161} INFO - Started process (PID=3042) to work on /opt/airflow/dags/transection_data.py
[2024-05-17T10:17:47.212+0000] {processor.py:830} INFO - Processing file /opt/airflow/dags/transection_data.py for tasks to queue
[2024-05-17T10:17:47.214+0000] {logging_mixin.py:188} INFO - [2024-05-17T10:17:47.214+0000] {dagbag.py:538} INFO - Filling up the DagBag from /opt/airflow/dags/transection_data.py
[2024-05-17T10:17:47.233+0000] {processor.py:840} INFO - DAG(s) 'create_transection_data' retrieved from /opt/airflow/dags/transection_data.py
[2024-05-17T10:17:47.252+0000] {logging_mixin.py:188} INFO - [2024-05-17T10:17:47.251+0000] {dag.py:3036} INFO - Sync 1 DAGs
[2024-05-17T10:17:47.265+0000] {logging_mixin.py:188} INFO - [2024-05-17T10:17:47.264+0000] {dag.py:3823} INFO - Setting next_dagrun for create_transection_data to 2024-05-17 00:00:00+00:00, run_after=2024-05-18 00:00:00+00:00
[2024-05-17T10:17:47.274+0000] {processor.py:183} INFO - Processing /opt/airflow/dags/transection_data.py took 0.069 seconds
[2024-05-17T10:18:10.750+0000] {processor.py:161} INFO - Started process (PID=3068) to work on /opt/airflow/dags/transection_data.py
[2024-05-17T10:18:10.754+0000] {processor.py:830} INFO - Processing file /opt/airflow/dags/transection_data.py for tasks to queue
[2024-05-17T10:18:10.757+0000] {logging_mixin.py:188} INFO - [2024-05-17T10:18:10.756+0000] {dagbag.py:538} INFO - Filling up the DagBag from /opt/airflow/dags/transection_data.py
[2024-05-17T10:18:10.794+0000] {processor.py:840} INFO - DAG(s) 'create_transection_data' retrieved from /opt/airflow/dags/transection_data.py
[2024-05-17T10:18:10.879+0000] {logging_mixin.py:188} INFO - [2024-05-17T10:18:10.879+0000] {dag.py:3036} INFO - Sync 1 DAGs
[2024-05-17T10:18:10.895+0000] {logging_mixin.py:188} INFO - [2024-05-17T10:18:10.895+0000] {dag.py:3823} INFO - Setting next_dagrun for create_transection_data to 2024-05-17 00:00:00+00:00, run_after=2024-05-18 00:00:00+00:00
[2024-05-17T10:18:10.913+0000] {processor.py:183} INFO - Processing /opt/airflow/dags/transection_data.py took 0.173 seconds
[2024-05-17T10:18:15.843+0000] {processor.py:161} INFO - Started process (PID=3073) to work on /opt/airflow/dags/transection_data.py
[2024-05-17T10:18:15.845+0000] {processor.py:830} INFO - Processing file /opt/airflow/dags/transection_data.py for tasks to queue
[2024-05-17T10:18:15.847+0000] {logging_mixin.py:188} INFO - [2024-05-17T10:18:15.846+0000] {dagbag.py:538} INFO - Filling up the DagBag from /opt/airflow/dags/transection_data.py
[2024-05-17T10:18:15.871+0000] {processor.py:840} INFO - DAG(s) 'create_transection_data' retrieved from /opt/airflow/dags/transection_data.py
[2024-05-17T10:18:15.881+0000] {logging_mixin.py:188} INFO - [2024-05-17T10:18:15.881+0000] {dag.py:3036} INFO - Sync 1 DAGs
[2024-05-17T10:18:15.896+0000] {logging_mixin.py:188} INFO - [2024-05-17T10:18:15.896+0000] {dag.py:3823} INFO - Setting next_dagrun for create_transection_data to 2024-05-17 00:00:00+00:00, run_after=2024-05-18 00:00:00+00:00
[2024-05-17T10:18:15.911+0000] {processor.py:183} INFO - Processing /opt/airflow/dags/transection_data.py took 0.072 seconds
[2024-05-17T10:18:17.991+0000] {processor.py:161} INFO - Started process (PID=3083) to work on /opt/airflow/dags/transection_data.py
[2024-05-17T10:18:17.994+0000] {processor.py:830} INFO - Processing file /opt/airflow/dags/transection_data.py for tasks to queue
[2024-05-17T10:18:17.996+0000] {logging_mixin.py:188} INFO - [2024-05-17T10:18:17.995+0000] {dagbag.py:538} INFO - Filling up the DagBag from /opt/airflow/dags/transection_data.py
[2024-05-17T10:18:18.026+0000] {processor.py:840} INFO - DAG(s) 'create_transection_data' retrieved from /opt/airflow/dags/transection_data.py
[2024-05-17T10:18:18.036+0000] {logging_mixin.py:188} INFO - [2024-05-17T10:18:18.035+0000] {dag.py:3036} INFO - Sync 1 DAGs
[2024-05-17T10:18:18.049+0000] {logging_mixin.py:188} INFO - [2024-05-17T10:18:18.048+0000] {dag.py:3823} INFO - Setting next_dagrun for create_transection_data to 2024-05-17 00:00:00+00:00, run_after=2024-05-18 00:00:00+00:00
[2024-05-17T10:18:18.062+0000] {processor.py:183} INFO - Processing /opt/airflow/dags/transection_data.py took 0.075 seconds
[2024-05-17T10:18:22.094+0000] {processor.py:161} INFO - Started process (PID=3088) to work on /opt/airflow/dags/transection_data.py
[2024-05-17T10:18:22.098+0000] {processor.py:830} INFO - Processing file /opt/airflow/dags/transection_data.py for tasks to queue
[2024-05-17T10:18:22.100+0000] {logging_mixin.py:188} INFO - [2024-05-17T10:18:22.099+0000] {dagbag.py:538} INFO - Filling up the DagBag from /opt/airflow/dags/transection_data.py
[2024-05-17T10:18:22.139+0000] {processor.py:840} INFO - DAG(s) 'create_transection_data' retrieved from /opt/airflow/dags/transection_data.py
[2024-05-17T10:18:22.156+0000] {logging_mixin.py:188} INFO - [2024-05-17T10:18:22.156+0000] {dag.py:3036} INFO - Sync 1 DAGs
[2024-05-17T10:18:22.176+0000] {logging_mixin.py:188} INFO - [2024-05-17T10:18:22.175+0000] {dag.py:3823} INFO - Setting next_dagrun for create_transection_data to 2024-05-17 00:00:00+00:00, run_after=2024-05-18 00:00:00+00:00
[2024-05-17T10:18:22.194+0000] {processor.py:183} INFO - Processing /opt/airflow/dags/transection_data.py took 0.105 seconds
[2024-05-17T10:18:33.467+0000] {processor.py:161} INFO - Started process (PID=3103) to work on /opt/airflow/dags/transection_data.py
[2024-05-17T10:18:33.469+0000] {processor.py:830} INFO - Processing file /opt/airflow/dags/transection_data.py for tasks to queue
[2024-05-17T10:18:33.472+0000] {logging_mixin.py:188} INFO - [2024-05-17T10:18:33.471+0000] {dagbag.py:538} INFO - Filling up the DagBag from /opt/airflow/dags/transection_data.py
[2024-05-17T10:18:33.502+0000] {processor.py:840} INFO - DAG(s) 'create_transection_data' retrieved from /opt/airflow/dags/transection_data.py
[2024-05-17T10:18:33.614+0000] {logging_mixin.py:188} INFO - [2024-05-17T10:18:33.614+0000] {dag.py:3036} INFO - Sync 1 DAGs
[2024-05-17T10:18:33.621+0000] {logging_mixin.py:188} INFO - [2024-05-17T10:18:33.621+0000] {dag.py:3058} INFO - Creating ORM DAG for create_transection_data
[2024-05-17T10:18:33.629+0000] {logging_mixin.py:188} INFO - [2024-05-17T10:18:33.629+0000] {dag.py:3823} INFO - Setting next_dagrun for create_transection_data to 2024-05-16 00:00:00+00:00, run_after=2024-05-17 00:00:00+00:00
[2024-05-17T10:18:33.643+0000] {processor.py:183} INFO - Processing /opt/airflow/dags/transection_data.py took 0.188 seconds
[2024-05-17T10:19:04.130+0000] {processor.py:161} INFO - Started process (PID=3144) to work on /opt/airflow/dags/transection_data.py
[2024-05-17T10:19:04.134+0000] {processor.py:830} INFO - Processing file /opt/airflow/dags/transection_data.py for tasks to queue
[2024-05-17T10:19:04.137+0000] {logging_mixin.py:188} INFO - [2024-05-17T10:19:04.136+0000] {dagbag.py:538} INFO - Filling up the DagBag from /opt/airflow/dags/transection_data.py
[2024-05-17T10:19:04.158+0000] {processor.py:840} INFO - DAG(s) 'create_transection_data' retrieved from /opt/airflow/dags/transection_data.py
[2024-05-17T10:19:04.178+0000] {logging_mixin.py:188} INFO - [2024-05-17T10:19:04.178+0000] {dag.py:3036} INFO - Sync 1 DAGs
[2024-05-17T10:19:04.192+0000] {logging_mixin.py:188} INFO - [2024-05-17T10:19:04.192+0000] {dag.py:3823} INFO - Setting next_dagrun for create_transection_data to 2024-05-17 00:00:00+00:00, run_after=2024-05-18 00:00:00+00:00
[2024-05-17T10:19:04.204+0000] {processor.py:183} INFO - Processing /opt/airflow/dags/transection_data.py took 0.079 seconds
[2024-05-17T10:19:34.900+0000] {processor.py:161} INFO - Started process (PID=3175) to work on /opt/airflow/dags/transection_data.py
[2024-05-17T10:19:34.904+0000] {processor.py:830} INFO - Processing file /opt/airflow/dags/transection_data.py for tasks to queue
[2024-05-17T10:19:34.905+0000] {logging_mixin.py:188} INFO - [2024-05-17T10:19:34.905+0000] {dagbag.py:538} INFO - Filling up the DagBag from /opt/airflow/dags/transection_data.py
[2024-05-17T10:19:34.922+0000] {processor.py:840} INFO - DAG(s) 'create_transection_data' retrieved from /opt/airflow/dags/transection_data.py
[2024-05-17T10:19:34.942+0000] {logging_mixin.py:188} INFO - [2024-05-17T10:19:34.942+0000] {dag.py:3036} INFO - Sync 1 DAGs
[2024-05-17T10:19:34.964+0000] {logging_mixin.py:188} INFO - [2024-05-17T10:19:34.963+0000] {dag.py:3823} INFO - Setting next_dagrun for create_transection_data to 2024-05-17 00:00:00+00:00, run_after=2024-05-18 00:00:00+00:00
[2024-05-17T10:19:34.980+0000] {processor.py:183} INFO - Processing /opt/airflow/dags/transection_data.py took 0.084 seconds
[2024-05-17T10:20:05.368+0000] {processor.py:161} INFO - Started process (PID=3206) to work on /opt/airflow/dags/transection_data.py
[2024-05-17T10:20:05.371+0000] {processor.py:830} INFO - Processing file /opt/airflow/dags/transection_data.py for tasks to queue
[2024-05-17T10:20:05.373+0000] {logging_mixin.py:188} INFO - [2024-05-17T10:20:05.372+0000] {dagbag.py:538} INFO - Filling up the DagBag from /opt/airflow/dags/transection_data.py
[2024-05-17T10:20:05.390+0000] {processor.py:840} INFO - DAG(s) 'create_transection_data' retrieved from /opt/airflow/dags/transection_data.py
[2024-05-17T10:20:05.409+0000] {logging_mixin.py:188} INFO - [2024-05-17T10:20:05.409+0000] {dag.py:3036} INFO - Sync 1 DAGs
[2024-05-17T10:20:05.427+0000] {logging_mixin.py:188} INFO - [2024-05-17T10:20:05.427+0000] {dag.py:3823} INFO - Setting next_dagrun for create_transection_data to 2024-05-17 00:00:00+00:00, run_after=2024-05-18 00:00:00+00:00
[2024-05-17T10:20:05.440+0000] {processor.py:183} INFO - Processing /opt/airflow/dags/transection_data.py took 0.075 seconds
[2024-05-17T10:20:35.978+0000] {processor.py:161} INFO - Started process (PID=3238) to work on /opt/airflow/dags/transection_data.py
[2024-05-17T10:20:35.980+0000] {processor.py:830} INFO - Processing file /opt/airflow/dags/transection_data.py for tasks to queue
[2024-05-17T10:20:35.981+0000] {logging_mixin.py:188} INFO - [2024-05-17T10:20:35.981+0000] {dagbag.py:538} INFO - Filling up the DagBag from /opt/airflow/dags/transection_data.py
[2024-05-17T10:20:36.008+0000] {processor.py:840} INFO - DAG(s) 'create_transection_data' retrieved from /opt/airflow/dags/transection_data.py
[2024-05-17T10:20:36.031+0000] {logging_mixin.py:188} INFO - [2024-05-17T10:20:36.031+0000] {dag.py:3036} INFO - Sync 1 DAGs
[2024-05-17T10:20:36.045+0000] {logging_mixin.py:188} INFO - [2024-05-17T10:20:36.044+0000] {dag.py:3823} INFO - Setting next_dagrun for create_transection_data to 2024-05-17 00:00:00+00:00, run_after=2024-05-18 00:00:00+00:00
[2024-05-17T10:20:36.057+0000] {processor.py:183} INFO - Processing /opt/airflow/dags/transection_data.py took 0.086 seconds
[2024-05-17T10:21:06.389+0000] {processor.py:161} INFO - Started process (PID=3275) to work on /opt/airflow/dags/transection_data.py
[2024-05-17T10:21:06.391+0000] {processor.py:830} INFO - Processing file /opt/airflow/dags/transection_data.py for tasks to queue
[2024-05-17T10:21:06.393+0000] {logging_mixin.py:188} INFO - [2024-05-17T10:21:06.393+0000] {dagbag.py:538} INFO - Filling up the DagBag from /opt/airflow/dags/transection_data.py
[2024-05-17T10:21:06.410+0000] {processor.py:840} INFO - DAG(s) 'create_transection_data' retrieved from /opt/airflow/dags/transection_data.py
[2024-05-17T10:21:06.432+0000] {logging_mixin.py:188} INFO - [2024-05-17T10:21:06.432+0000] {dag.py:3036} INFO - Sync 1 DAGs
[2024-05-17T10:21:06.447+0000] {logging_mixin.py:188} INFO - [2024-05-17T10:21:06.447+0000] {dag.py:3823} INFO - Setting next_dagrun for create_transection_data to 2024-05-17 00:00:00+00:00, run_after=2024-05-18 00:00:00+00:00
[2024-05-17T10:21:06.463+0000] {processor.py:183} INFO - Processing /opt/airflow/dags/transection_data.py took 0.078 seconds
[2024-05-17T10:21:37.082+0000] {processor.py:161} INFO - Started process (PID=3305) to work on /opt/airflow/dags/transection_data.py
[2024-05-17T10:21:37.085+0000] {processor.py:830} INFO - Processing file /opt/airflow/dags/transection_data.py for tasks to queue
[2024-05-17T10:21:37.087+0000] {logging_mixin.py:188} INFO - [2024-05-17T10:21:37.087+0000] {dagbag.py:538} INFO - Filling up the DagBag from /opt/airflow/dags/transection_data.py
[2024-05-17T10:21:37.110+0000] {processor.py:840} INFO - DAG(s) 'create_transection_data' retrieved from /opt/airflow/dags/transection_data.py
[2024-05-17T10:21:37.135+0000] {logging_mixin.py:188} INFO - [2024-05-17T10:21:37.134+0000] {dag.py:3036} INFO - Sync 1 DAGs
[2024-05-17T10:21:37.151+0000] {logging_mixin.py:188} INFO - [2024-05-17T10:21:37.151+0000] {dag.py:3823} INFO - Setting next_dagrun for create_transection_data to 2024-05-17 00:00:00+00:00, run_after=2024-05-18 00:00:00+00:00
[2024-05-17T10:21:37.166+0000] {processor.py:183} INFO - Processing /opt/airflow/dags/transection_data.py took 0.089 seconds
[2024-05-17T10:22:07.518+0000] {processor.py:161} INFO - Started process (PID=3336) to work on /opt/airflow/dags/transection_data.py
[2024-05-17T10:22:07.522+0000] {processor.py:830} INFO - Processing file /opt/airflow/dags/transection_data.py for tasks to queue
[2024-05-17T10:22:07.524+0000] {logging_mixin.py:188} INFO - [2024-05-17T10:22:07.524+0000] {dagbag.py:538} INFO - Filling up the DagBag from /opt/airflow/dags/transection_data.py
[2024-05-17T10:22:07.544+0000] {processor.py:840} INFO - DAG(s) 'create_transection_data' retrieved from /opt/airflow/dags/transection_data.py
[2024-05-17T10:22:07.564+0000] {logging_mixin.py:188} INFO - [2024-05-17T10:22:07.563+0000] {dag.py:3036} INFO - Sync 1 DAGs
[2024-05-17T10:22:07.579+0000] {logging_mixin.py:188} INFO - [2024-05-17T10:22:07.579+0000] {dag.py:3823} INFO - Setting next_dagrun for create_transection_data to 2024-05-17 00:00:00+00:00, run_after=2024-05-18 00:00:00+00:00
[2024-05-17T10:22:07.590+0000] {processor.py:183} INFO - Processing /opt/airflow/dags/transection_data.py took 0.077 seconds
[2024-05-17T10:22:38.079+0000] {processor.py:161} INFO - Started process (PID=3367) to work on /opt/airflow/dags/transection_data.py
[2024-05-17T10:22:38.083+0000] {processor.py:830} INFO - Processing file /opt/airflow/dags/transection_data.py for tasks to queue
[2024-05-17T10:22:38.085+0000] {logging_mixin.py:188} INFO - [2024-05-17T10:22:38.085+0000] {dagbag.py:538} INFO - Filling up the DagBag from /opt/airflow/dags/transection_data.py
[2024-05-17T10:22:38.106+0000] {processor.py:840} INFO - DAG(s) 'create_transection_data' retrieved from /opt/airflow/dags/transection_data.py
[2024-05-17T10:22:38.128+0000] {logging_mixin.py:188} INFO - [2024-05-17T10:22:38.128+0000] {dag.py:3036} INFO - Sync 1 DAGs
[2024-05-17T10:22:38.144+0000] {logging_mixin.py:188} INFO - [2024-05-17T10:22:38.144+0000] {dag.py:3823} INFO - Setting next_dagrun for create_transection_data to 2024-05-17 00:00:00+00:00, run_after=2024-05-18 00:00:00+00:00
[2024-05-17T10:22:38.158+0000] {processor.py:183} INFO - Processing /opt/airflow/dags/transection_data.py took 0.084 seconds
[2024-05-17T10:23:08.767+0000] {processor.py:161} INFO - Started process (PID=3398) to work on /opt/airflow/dags/transection_data.py
[2024-05-17T10:23:08.772+0000] {processor.py:830} INFO - Processing file /opt/airflow/dags/transection_data.py for tasks to queue
[2024-05-17T10:23:08.774+0000] {logging_mixin.py:188} INFO - [2024-05-17T10:23:08.773+0000] {dagbag.py:538} INFO - Filling up the DagBag from /opt/airflow/dags/transection_data.py
[2024-05-17T10:23:08.793+0000] {processor.py:840} INFO - DAG(s) 'create_transection_data' retrieved from /opt/airflow/dags/transection_data.py
[2024-05-17T10:23:08.816+0000] {logging_mixin.py:188} INFO - [2024-05-17T10:23:08.815+0000] {dag.py:3036} INFO - Sync 1 DAGs
[2024-05-17T10:23:08.832+0000] {logging_mixin.py:188} INFO - [2024-05-17T10:23:08.832+0000] {dag.py:3823} INFO - Setting next_dagrun for create_transection_data to 2024-05-17 00:00:00+00:00, run_after=2024-05-18 00:00:00+00:00
[2024-05-17T10:23:08.843+0000] {processor.py:183} INFO - Processing /opt/airflow/dags/transection_data.py took 0.082 seconds
[2024-05-17T10:23:39.385+0000] {processor.py:161} INFO - Started process (PID=3430) to work on /opt/airflow/dags/transection_data.py
[2024-05-17T10:23:39.388+0000] {processor.py:830} INFO - Processing file /opt/airflow/dags/transection_data.py for tasks to queue
[2024-05-17T10:23:39.390+0000] {logging_mixin.py:188} INFO - [2024-05-17T10:23:39.389+0000] {dagbag.py:538} INFO - Filling up the DagBag from /opt/airflow/dags/transection_data.py
[2024-05-17T10:23:39.405+0000] {processor.py:840} INFO - DAG(s) 'create_transection_data' retrieved from /opt/airflow/dags/transection_data.py
[2024-05-17T10:23:39.425+0000] {logging_mixin.py:188} INFO - [2024-05-17T10:23:39.425+0000] {dag.py:3036} INFO - Sync 1 DAGs
[2024-05-17T10:23:39.443+0000] {logging_mixin.py:188} INFO - [2024-05-17T10:23:39.443+0000] {dag.py:3823} INFO - Setting next_dagrun for create_transection_data to 2024-05-17 00:00:00+00:00, run_after=2024-05-18 00:00:00+00:00
[2024-05-17T10:23:39.455+0000] {processor.py:183} INFO - Processing /opt/airflow/dags/transection_data.py took 0.073 seconds
[2024-05-17T10:24:10.199+0000] {processor.py:161} INFO - Started process (PID=3461) to work on /opt/airflow/dags/transection_data.py
[2024-05-17T10:24:10.202+0000] {processor.py:830} INFO - Processing file /opt/airflow/dags/transection_data.py for tasks to queue
[2024-05-17T10:24:10.207+0000] {logging_mixin.py:188} INFO - [2024-05-17T10:24:10.207+0000] {dagbag.py:538} INFO - Filling up the DagBag from /opt/airflow/dags/transection_data.py
[2024-05-17T10:24:10.230+0000] {processor.py:840} INFO - DAG(s) 'create_transection_data' retrieved from /opt/airflow/dags/transection_data.py
[2024-05-17T10:24:10.251+0000] {logging_mixin.py:188} INFO - [2024-05-17T10:24:10.251+0000] {dag.py:3036} INFO - Sync 1 DAGs
[2024-05-17T10:24:10.271+0000] {logging_mixin.py:188} INFO - [2024-05-17T10:24:10.271+0000] {dag.py:3823} INFO - Setting next_dagrun for create_transection_data to 2024-05-17 00:00:00+00:00, run_after=2024-05-18 00:00:00+00:00
[2024-05-17T10:24:10.289+0000] {processor.py:183} INFO - Processing /opt/airflow/dags/transection_data.py took 0.093 seconds
[2024-05-17T10:24:40.807+0000] {processor.py:161} INFO - Started process (PID=3491) to work on /opt/airflow/dags/transection_data.py
[2024-05-17T10:24:40.809+0000] {processor.py:830} INFO - Processing file /opt/airflow/dags/transection_data.py for tasks to queue
[2024-05-17T10:24:40.810+0000] {logging_mixin.py:188} INFO - [2024-05-17T10:24:40.810+0000] {dagbag.py:538} INFO - Filling up the DagBag from /opt/airflow/dags/transection_data.py
[2024-05-17T10:24:40.831+0000] {processor.py:840} INFO - DAG(s) 'create_transection_data' retrieved from /opt/airflow/dags/transection_data.py
[2024-05-17T10:24:40.853+0000] {logging_mixin.py:188} INFO - [2024-05-17T10:24:40.853+0000] {dag.py:3036} INFO - Sync 1 DAGs
[2024-05-17T10:24:40.870+0000] {logging_mixin.py:188} INFO - [2024-05-17T10:24:40.869+0000] {dag.py:3823} INFO - Setting next_dagrun for create_transection_data to 2024-05-17 00:00:00+00:00, run_after=2024-05-18 00:00:00+00:00
[2024-05-17T10:24:40.881+0000] {processor.py:183} INFO - Processing /opt/airflow/dags/transection_data.py took 0.077 seconds
[2024-05-17T10:25:11.526+0000] {processor.py:161} INFO - Started process (PID=3523) to work on /opt/airflow/dags/transection_data.py
[2024-05-17T10:25:11.530+0000] {processor.py:830} INFO - Processing file /opt/airflow/dags/transection_data.py for tasks to queue
[2024-05-17T10:25:11.533+0000] {logging_mixin.py:188} INFO - [2024-05-17T10:25:11.532+0000] {dagbag.py:538} INFO - Filling up the DagBag from /opt/airflow/dags/transection_data.py
[2024-05-17T10:25:11.553+0000] {processor.py:840} INFO - DAG(s) 'create_transection_data' retrieved from /opt/airflow/dags/transection_data.py
[2024-05-17T10:25:11.572+0000] {logging_mixin.py:188} INFO - [2024-05-17T10:25:11.572+0000] {dag.py:3036} INFO - Sync 1 DAGs
[2024-05-17T10:25:11.587+0000] {logging_mixin.py:188} INFO - [2024-05-17T10:25:11.587+0000] {dag.py:3823} INFO - Setting next_dagrun for create_transection_data to 2024-05-17 00:00:00+00:00, run_after=2024-05-18 00:00:00+00:00
[2024-05-17T10:25:11.598+0000] {processor.py:183} INFO - Processing /opt/airflow/dags/transection_data.py took 0.077 seconds
[2024-05-17T10:25:42.135+0000] {processor.py:161} INFO - Started process (PID=3554) to work on /opt/airflow/dags/transection_data.py
[2024-05-17T10:25:42.139+0000] {processor.py:830} INFO - Processing file /opt/airflow/dags/transection_data.py for tasks to queue
[2024-05-17T10:25:42.141+0000] {logging_mixin.py:188} INFO - [2024-05-17T10:25:42.141+0000] {dagbag.py:538} INFO - Filling up the DagBag from /opt/airflow/dags/transection_data.py
[2024-05-17T10:25:42.160+0000] {processor.py:840} INFO - DAG(s) 'create_transection_data' retrieved from /opt/airflow/dags/transection_data.py
[2024-05-17T10:25:42.180+0000] {logging_mixin.py:188} INFO - [2024-05-17T10:25:42.180+0000] {dag.py:3036} INFO - Sync 1 DAGs
[2024-05-17T10:25:42.193+0000] {logging_mixin.py:188} INFO - [2024-05-17T10:25:42.193+0000] {dag.py:3823} INFO - Setting next_dagrun for create_transection_data to 2024-05-17 00:00:00+00:00, run_after=2024-05-18 00:00:00+00:00
[2024-05-17T10:25:42.204+0000] {processor.py:183} INFO - Processing /opt/airflow/dags/transection_data.py took 0.074 seconds
[2024-05-17T10:26:12.735+0000] {processor.py:161} INFO - Started process (PID=3585) to work on /opt/airflow/dags/transection_data.py
[2024-05-17T10:26:12.738+0000] {processor.py:830} INFO - Processing file /opt/airflow/dags/transection_data.py for tasks to queue
[2024-05-17T10:26:12.742+0000] {logging_mixin.py:188} INFO - [2024-05-17T10:26:12.741+0000] {dagbag.py:538} INFO - Filling up the DagBag from /opt/airflow/dags/transection_data.py
[2024-05-17T10:26:12.763+0000] {processor.py:840} INFO - DAG(s) 'create_transection_data' retrieved from /opt/airflow/dags/transection_data.py
[2024-05-17T10:26:12.781+0000] {logging_mixin.py:188} INFO - [2024-05-17T10:26:12.781+0000] {dag.py:3036} INFO - Sync 1 DAGs
[2024-05-17T10:26:12.794+0000] {logging_mixin.py:188} INFO - [2024-05-17T10:26:12.794+0000] {dag.py:3823} INFO - Setting next_dagrun for create_transection_data to 2024-05-17 00:00:00+00:00, run_after=2024-05-18 00:00:00+00:00
[2024-05-17T10:26:12.804+0000] {processor.py:183} INFO - Processing /opt/airflow/dags/transection_data.py took 0.074 seconds
[2024-05-17T10:26:43.322+0000] {processor.py:161} INFO - Started process (PID=3616) to work on /opt/airflow/dags/transection_data.py
[2024-05-17T10:26:43.324+0000] {processor.py:830} INFO - Processing file /opt/airflow/dags/transection_data.py for tasks to queue
[2024-05-17T10:26:43.327+0000] {logging_mixin.py:188} INFO - [2024-05-17T10:26:43.326+0000] {dagbag.py:538} INFO - Filling up the DagBag from /opt/airflow/dags/transection_data.py
[2024-05-17T10:26:43.352+0000] {processor.py:840} INFO - DAG(s) 'create_transection_data' retrieved from /opt/airflow/dags/transection_data.py
[2024-05-17T10:26:43.372+0000] {logging_mixin.py:188} INFO - [2024-05-17T10:26:43.372+0000] {dag.py:3036} INFO - Sync 1 DAGs
[2024-05-17T10:26:43.387+0000] {logging_mixin.py:188} INFO - [2024-05-17T10:26:43.387+0000] {dag.py:3823} INFO - Setting next_dagrun for create_transection_data to 2024-05-17 00:00:00+00:00, run_after=2024-05-18 00:00:00+00:00
[2024-05-17T10:26:43.398+0000] {processor.py:183} INFO - Processing /opt/airflow/dags/transection_data.py took 0.084 seconds
[2024-05-17T10:27:13.802+0000] {processor.py:161} INFO - Started process (PID=3647) to work on /opt/airflow/dags/transection_data.py
[2024-05-17T10:27:13.806+0000] {processor.py:830} INFO - Processing file /opt/airflow/dags/transection_data.py for tasks to queue
[2024-05-17T10:27:13.808+0000] {logging_mixin.py:188} INFO - [2024-05-17T10:27:13.808+0000] {dagbag.py:538} INFO - Filling up the DagBag from /opt/airflow/dags/transection_data.py
[2024-05-17T10:27:13.830+0000] {processor.py:840} INFO - DAG(s) 'create_transection_data' retrieved from /opt/airflow/dags/transection_data.py
[2024-05-17T10:27:13.849+0000] {logging_mixin.py:188} INFO - [2024-05-17T10:27:13.849+0000] {dag.py:3036} INFO - Sync 1 DAGs
[2024-05-17T10:27:13.863+0000] {logging_mixin.py:188} INFO - [2024-05-17T10:27:13.863+0000] {dag.py:3823} INFO - Setting next_dagrun for create_transection_data to 2024-05-17 00:00:00+00:00, run_after=2024-05-18 00:00:00+00:00
[2024-05-17T10:27:13.874+0000] {processor.py:183} INFO - Processing /opt/airflow/dags/transection_data.py took 0.079 seconds
[2024-05-17T10:27:44.446+0000] {processor.py:161} INFO - Started process (PID=3677) to work on /opt/airflow/dags/transection_data.py
[2024-05-17T10:27:44.449+0000] {processor.py:830} INFO - Processing file /opt/airflow/dags/transection_data.py for tasks to queue
[2024-05-17T10:27:44.451+0000] {logging_mixin.py:188} INFO - [2024-05-17T10:27:44.451+0000] {dagbag.py:538} INFO - Filling up the DagBag from /opt/airflow/dags/transection_data.py
[2024-05-17T10:27:44.472+0000] {processor.py:840} INFO - DAG(s) 'create_transection_data' retrieved from /opt/airflow/dags/transection_data.py
[2024-05-17T10:27:44.491+0000] {logging_mixin.py:188} INFO - [2024-05-17T10:27:44.490+0000] {dag.py:3036} INFO - Sync 1 DAGs
[2024-05-17T10:27:44.504+0000] {logging_mixin.py:188} INFO - [2024-05-17T10:27:44.504+0000] {dag.py:3823} INFO - Setting next_dagrun for create_transection_data to 2024-05-17 00:00:00+00:00, run_after=2024-05-18 00:00:00+00:00
[2024-05-17T10:27:44.514+0000] {processor.py:183} INFO - Processing /opt/airflow/dags/transection_data.py took 0.074 seconds
[2024-05-17T10:28:15.115+0000] {processor.py:161} INFO - Started process (PID=3708) to work on /opt/airflow/dags/transection_data.py
[2024-05-17T10:28:15.117+0000] {processor.py:830} INFO - Processing file /opt/airflow/dags/transection_data.py for tasks to queue
[2024-05-17T10:28:15.119+0000] {logging_mixin.py:188} INFO - [2024-05-17T10:28:15.118+0000] {dagbag.py:538} INFO - Filling up the DagBag from /opt/airflow/dags/transection_data.py
[2024-05-17T10:28:15.142+0000] {processor.py:840} INFO - DAG(s) 'create_transection_data' retrieved from /opt/airflow/dags/transection_data.py
[2024-05-17T10:28:15.168+0000] {logging_mixin.py:188} INFO - [2024-05-17T10:28:15.168+0000] {dag.py:3036} INFO - Sync 1 DAGs
[2024-05-17T10:28:15.188+0000] {logging_mixin.py:188} INFO - [2024-05-17T10:28:15.188+0000] {dag.py:3823} INFO - Setting next_dagrun for create_transection_data to 2024-05-17 00:00:00+00:00, run_after=2024-05-18 00:00:00+00:00
[2024-05-17T10:28:15.207+0000] {processor.py:183} INFO - Processing /opt/airflow/dags/transection_data.py took 0.097 seconds
[2024-05-17T10:28:45.622+0000] {processor.py:161} INFO - Started process (PID=3739) to work on /opt/airflow/dags/transection_data.py
[2024-05-17T10:28:45.624+0000] {processor.py:830} INFO - Processing file /opt/airflow/dags/transection_data.py for tasks to queue
[2024-05-17T10:28:45.626+0000] {logging_mixin.py:188} INFO - [2024-05-17T10:28:45.626+0000] {dagbag.py:538} INFO - Filling up the DagBag from /opt/airflow/dags/transection_data.py
[2024-05-17T10:28:45.641+0000] {processor.py:840} INFO - DAG(s) 'create_transection_data' retrieved from /opt/airflow/dags/transection_data.py
[2024-05-17T10:28:45.657+0000] {logging_mixin.py:188} INFO - [2024-05-17T10:28:45.656+0000] {dag.py:3036} INFO - Sync 1 DAGs
[2024-05-17T10:28:45.670+0000] {logging_mixin.py:188} INFO - [2024-05-17T10:28:45.669+0000] {dag.py:3823} INFO - Setting next_dagrun for create_transection_data to 2024-05-17 00:00:00+00:00, run_after=2024-05-18 00:00:00+00:00
[2024-05-17T10:28:45.680+0000] {processor.py:183} INFO - Processing /opt/airflow/dags/transection_data.py took 0.061 seconds
