[2024-05-17T10:08:39.547+0000] {taskinstance.py:1956} INFO - Dependencies all met for dep_context=non-requeueable deps ti=<TaskInstance: create_transection_data.delete_api_data scheduled__2024-05-16T00:00:00+00:00 [queued]>
[2024-05-17T10:08:39.561+0000] {taskinstance.py:1956} INFO - Dependencies all met for dep_context=requeueable deps ti=<TaskInstance: create_transection_data.delete_api_data scheduled__2024-05-16T00:00:00+00:00 [queued]>
[2024-05-17T10:08:39.562+0000] {taskinstance.py:2170} INFO - Starting attempt 1 of 4
[2024-05-17T10:08:39.575+0000] {taskinstance.py:2191} INFO - Executing <Task(PythonOperator): delete_api_data> on 2024-05-16 00:00:00+00:00
[2024-05-17T10:08:39.580+0000] {standard_task_runner.py:60} INFO - Started process 2466 to run task
[2024-05-17T10:08:39.583+0000] {standard_task_runner.py:87} INFO - Running: ['***', 'tasks', 'run', 'create_transection_data', 'delete_api_data', 'scheduled__2024-05-16T00:00:00+00:00', '--job-id', '346', '--raw', '--subdir', 'DAGS_FOLDER/transection_data.py', '--cfg-path', '/tmp/tmp6mo9n_ne']
[2024-05-17T10:08:39.586+0000] {standard_task_runner.py:88} INFO - Job 346: Subtask delete_api_data
[2024-05-17T10:08:39.622+0000] {task_command.py:423} INFO - Running <TaskInstance: create_transection_data.delete_api_data scheduled__2024-05-16T00:00:00+00:00 [running]> on host e3e2dc6bc2be
[2024-05-17T10:08:39.666+0000] {taskinstance.py:2480} INFO - Exporting env vars: AIRFLOW_CTX_DAG_OWNER='***' AIRFLOW_CTX_DAG_ID='create_transection_data' AIRFLOW_CTX_TASK_ID='delete_api_data' AIRFLOW_CTX_EXECUTION_DATE='2024-05-16T00:00:00+00:00' AIRFLOW_CTX_TRY_NUMBER='1' AIRFLOW_CTX_DAG_RUN_ID='scheduled__2024-05-16T00:00:00+00:00'
[2024-05-17T10:08:39.674+0000] {base.py:83} INFO - Using connection ID 'postgres_conn' for task execution.
[2024-05-17T10:08:39.686+0000] {sql.py:450} INFO - Running statement: DROP TABLE IF EXISTS api_data;, parameters: None
[2024-05-17T10:08:39.692+0000] {transection_data.py:121} INFO - Successfully deleted data from api_data table.
[2024-05-17T10:08:39.693+0000] {python.py:201} INFO - Done. Returned value was: None
[2024-05-17T10:08:39.700+0000] {taskinstance.py:1138} INFO - Marking task as SUCCESS. dag_id=create_transection_data, task_id=delete_api_data, execution_date=20240516T000000, start_date=20240517T100839, end_date=20240517T100839
[2024-05-17T10:08:39.717+0000] {local_task_job_runner.py:234} INFO - Task exited with return code 0
[2024-05-17T10:08:39.733+0000] {taskinstance.py:3280} INFO - 1 downstream tasks scheduled from follow-on schedule check
[2024-05-17T10:18:37.924+0000] {taskinstance.py:1956} INFO - Dependencies all met for dep_context=non-requeueable deps ti=<TaskInstance: create_transection_data.delete_api_data scheduled__2024-05-16T00:00:00+00:00 [queued]>
[2024-05-17T10:18:37.931+0000] {taskinstance.py:1956} INFO - Dependencies all met for dep_context=requeueable deps ti=<TaskInstance: create_transection_data.delete_api_data scheduled__2024-05-16T00:00:00+00:00 [queued]>
[2024-05-17T10:18:37.933+0000] {taskinstance.py:2170} INFO - Starting attempt 1 of 4
[2024-05-17T10:18:37.940+0000] {taskinstance.py:2191} INFO - Executing <Task(PythonOperator): delete_api_data> on 2024-05-16 00:00:00+00:00
[2024-05-17T10:18:37.943+0000] {standard_task_runner.py:60} INFO - Started process 3122 to run task
[2024-05-17T10:18:37.946+0000] {standard_task_runner.py:87} INFO - Running: ['***', 'tasks', 'run', 'create_transection_data', 'delete_api_data', 'scheduled__2024-05-16T00:00:00+00:00', '--job-id', '359', '--raw', '--subdir', 'DAGS_FOLDER/transection_data.py', '--cfg-path', '/tmp/tmp5moyv6g5']
[2024-05-17T10:18:37.948+0000] {standard_task_runner.py:88} INFO - Job 359: Subtask delete_api_data
[2024-05-17T10:18:37.981+0000] {task_command.py:423} INFO - Running <TaskInstance: create_transection_data.delete_api_data scheduled__2024-05-16T00:00:00+00:00 [running]> on host e3e2dc6bc2be
[2024-05-17T10:18:38.022+0000] {taskinstance.py:2480} INFO - Exporting env vars: AIRFLOW_CTX_DAG_OWNER='***' AIRFLOW_CTX_DAG_ID='create_transection_data' AIRFLOW_CTX_TASK_ID='delete_api_data' AIRFLOW_CTX_EXECUTION_DATE='2024-05-16T00:00:00+00:00' AIRFLOW_CTX_TRY_NUMBER='1' AIRFLOW_CTX_DAG_RUN_ID='scheduled__2024-05-16T00:00:00+00:00'
[2024-05-17T10:18:38.030+0000] {base.py:83} INFO - Using connection ID 'postgres_conn' for task execution.
[2024-05-17T10:18:38.040+0000] {sql.py:450} INFO - Running statement: DROP TABLE IF EXISTS api_data;, parameters: None
[2024-05-17T10:18:38.046+0000] {transection_data.py:151} INFO - Successfully deleted data from api_data table.
[2024-05-17T10:18:38.047+0000] {python.py:201} INFO - Done. Returned value was: None
[2024-05-17T10:18:38.054+0000] {taskinstance.py:1138} INFO - Marking task as SUCCESS. dag_id=create_transection_data, task_id=delete_api_data, execution_date=20240516T000000, start_date=20240517T101837, end_date=20240517T101838
[2024-05-17T10:18:38.078+0000] {local_task_job_runner.py:234} INFO - Task exited with return code 0
[2024-05-17T10:18:38.094+0000] {taskinstance.py:3280} INFO - 1 downstream tasks scheduled from follow-on schedule check
