[2024-05-17T06:21:44.584+0000] {taskinstance.py:1956} INFO - Dependencies all met for dep_context=non-requeueable deps ti=<TaskInstance: api_data_attendance.create_table_database manual__2024-05-17T06:21:42.340516+00:00 [queued]>
[2024-05-17T06:21:44.589+0000] {taskinstance.py:1956} INFO - Dependencies all met for dep_context=requeueable deps ti=<TaskInstance: api_data_attendance.create_table_database manual__2024-05-17T06:21:42.340516+00:00 [queued]>
[2024-05-17T06:21:44.590+0000] {taskinstance.py:2170} INFO - Starting attempt 1 of 4
[2024-05-17T06:21:44.598+0000] {taskinstance.py:2191} INFO - Executing <Task(PythonOperator): create_table_database> on 2024-05-17 06:21:42.340516+00:00
[2024-05-17T06:21:44.601+0000] {standard_task_runner.py:60} INFO - Started process 6442 to run task
[2024-05-17T06:21:44.604+0000] {standard_task_runner.py:87} INFO - Running: ['***', 'tasks', 'run', 'api_data_attendance', 'create_table_database', 'manual__2024-05-17T06:21:42.340516+00:00', '--job-id', '208', '--raw', '--subdir', 'DAGS_FOLDER/api_data_attendance.py', '--cfg-path', '/tmp/tmpekpljenk']
[2024-05-17T06:21:44.606+0000] {standard_task_runner.py:88} INFO - Job 208: Subtask create_table_database
[2024-05-17T06:21:44.635+0000] {task_command.py:423} INFO - Running <TaskInstance: api_data_attendance.create_table_database manual__2024-05-17T06:21:42.340516+00:00 [running]> on host e3e2dc6bc2be
[2024-05-17T06:21:44.678+0000] {taskinstance.py:2480} INFO - Exporting env vars: AIRFLOW_CTX_DAG_OWNER='***' AIRFLOW_CTX_DAG_ID='api_data_attendance' AIRFLOW_CTX_TASK_ID='create_table_database' AIRFLOW_CTX_EXECUTION_DATE='2024-05-17T06:21:42.340516+00:00' AIRFLOW_CTX_TRY_NUMBER='1' AIRFLOW_CTX_DAG_RUN_ID='manual__2024-05-17T06:21:42.340516+00:00'
[2024-05-17T06:21:44.685+0000] {base.py:83} INFO - Using connection ID 'postgres_conn' for task execution.
[2024-05-17T06:21:44.696+0000] {sql.py:450} INFO - Running statement: 
                CREATE TABLE IF NOT EXISTS attendance (
                id SERIAL PRIMARY KEY,
                subject_code VARCHAR(10),
                subject_name VARCHAR(255),
                section VARCHAR(10),
                num_enrolledStd INT,
                num_present INT,
                percent_present DECIMAL(5,2),
                num_absent INT,
                percent_absent DECIMAL(5,2),
                num_leave INT,
                percent_leave DECIMAL(5,2),
                class_date DATE,
                class_start TIME,
                class_end TIME
            );
        , parameters: None
[2024-05-17T06:21:44.702+0000] {python.py:201} INFO - Done. Returned value was: None
[2024-05-17T06:21:44.708+0000] {taskinstance.py:1138} INFO - Marking task as SUCCESS. dag_id=api_data_attendance, task_id=create_table_database, execution_date=20240517T062142, start_date=20240517T062144, end_date=20240517T062144
[2024-05-17T06:21:44.737+0000] {local_task_job_runner.py:234} INFO - Task exited with return code 0
[2024-05-17T06:21:44.753+0000] {taskinstance.py:3280} INFO - 1 downstream tasks scheduled from follow-on schedule check
