[2024-05-17T04:08:32.380+0000] {taskinstance.py:1956} INFO - Dependencies all met for dep_context=non-requeueable deps ti=<TaskInstance: temp_humi_dag.create_table_database scheduled__2024-05-16T00:00:00+00:00 [queued]>
[2024-05-17T04:08:32.386+0000] {taskinstance.py:1956} INFO - Dependencies all met for dep_context=requeueable deps ti=<TaskInstance: temp_humi_dag.create_table_database scheduled__2024-05-16T00:00:00+00:00 [queued]>
[2024-05-17T04:08:32.387+0000] {taskinstance.py:2170} INFO - Starting attempt 1 of 4
[2024-05-17T04:08:32.394+0000] {taskinstance.py:2191} INFO - Executing <Task(PythonOperator): create_table_database> on 2024-05-16 00:00:00+00:00
[2024-05-17T04:08:32.398+0000] {standard_task_runner.py:60} INFO - Started process 851 to run task
[2024-05-17T04:08:32.402+0000] {standard_task_runner.py:87} INFO - Running: ['***', 'tasks', 'run', 'temp_humi_dag', 'create_table_database', 'scheduled__2024-05-16T00:00:00+00:00', '--job-id', '119', '--raw', '--subdir', 'DAGS_FOLDER/ICTTemp_Humi_DAG.py', '--cfg-path', '/tmp/tmpd6gfez06']
[2024-05-17T04:08:32.404+0000] {standard_task_runner.py:88} INFO - Job 119: Subtask create_table_database
[2024-05-17T04:08:32.435+0000] {task_command.py:423} INFO - Running <TaskInstance: temp_humi_dag.create_table_database scheduled__2024-05-16T00:00:00+00:00 [running]> on host e3e2dc6bc2be
[2024-05-17T04:08:32.478+0000] {taskinstance.py:2480} INFO - Exporting env vars: AIRFLOW_CTX_DAG_OWNER='Group4' AIRFLOW_CTX_DAG_ID='temp_humi_dag' AIRFLOW_CTX_TASK_ID='create_table_database' AIRFLOW_CTX_EXECUTION_DATE='2024-05-16T00:00:00+00:00' AIRFLOW_CTX_TRY_NUMBER='1' AIRFLOW_CTX_DAG_RUN_ID='scheduled__2024-05-16T00:00:00+00:00'
[2024-05-17T04:08:32.485+0000] {base.py:83} INFO - Using connection ID 'postgres_conn' for task execution.
[2024-05-17T04:08:32.495+0000] {sql.py:450} INFO - Running statement: 
                CREATE TABLE IF NOT EXISTS temp_and_humi (
                date DATE NOT NULL,
                time TIME NOT NULL,
                temperature DECIMAL(5,2) NOT NULL,
                humidity DECIMAL(5,2) NOT NULL,
                heat DECIMAL(5,2) NOT NULL,
                PRIMARY KEY (date, time)
                );
        , parameters: None
[2024-05-17T04:08:32.511+0000] {python.py:201} INFO - Done. Returned value was: None
[2024-05-17T04:08:32.522+0000] {taskinstance.py:1138} INFO - Marking task as SUCCESS. dag_id=temp_humi_dag, task_id=create_table_database, execution_date=20240516T000000, start_date=20240517T040832, end_date=20240517T040832
[2024-05-17T04:08:32.574+0000] {local_task_job_runner.py:234} INFO - Task exited with return code 0
[2024-05-17T04:08:32.596+0000] {taskinstance.py:3280} INFO - 1 downstream tasks scheduled from follow-on schedule check
