[2024-05-17T10:08:05.560+0000] {taskinstance.py:1956} INFO - Dependencies all met for dep_context=non-requeueable deps ti=<TaskInstance: create_transection_data.create_transection_data scheduled__2024-01-01T00:00:00+00:00 [queued]>
[2024-05-17T10:08:05.583+0000] {taskinstance.py:1956} INFO - Dependencies all met for dep_context=requeueable deps ti=<TaskInstance: create_transection_data.create_transection_data scheduled__2024-01-01T00:00:00+00:00 [queued]>
[2024-05-17T10:08:05.584+0000] {taskinstance.py:2170} INFO - Starting attempt 1 of 4
[2024-05-17T10:08:05.634+0000] {taskinstance.py:2191} INFO - Executing <Task(PythonOperator): create_transection_data> on 2024-01-01 00:00:00+00:00
[2024-05-17T10:08:05.655+0000] {standard_task_runner.py:60} INFO - Started process 2414 to run task
[2024-05-17T10:08:05.697+0000] {standard_task_runner.py:87} INFO - Running: ['***', 'tasks', 'run', 'create_transection_data', 'create_transection_data', 'scheduled__2024-01-01T00:00:00+00:00', '--job-id', '340', '--raw', '--subdir', 'DAGS_FOLDER/transection_data.py', '--cfg-path', '/tmp/tmpq41j_ea9']
[2024-05-17T10:08:05.709+0000] {standard_task_runner.py:88} INFO - Job 340: Subtask create_transection_data
[2024-05-17T10:08:05.786+0000] {task_command.py:423} INFO - Running <TaskInstance: create_transection_data.create_transection_data scheduled__2024-01-01T00:00:00+00:00 [running]> on host e3e2dc6bc2be
[2024-05-17T10:08:05.914+0000] {taskinstance.py:2480} INFO - Exporting env vars: AIRFLOW_CTX_DAG_OWNER='***' AIRFLOW_CTX_DAG_ID='create_transection_data' AIRFLOW_CTX_TASK_ID='create_transection_data' AIRFLOW_CTX_EXECUTION_DATE='2024-01-01T00:00:00+00:00' AIRFLOW_CTX_TRY_NUMBER='1' AIRFLOW_CTX_DAG_RUN_ID='scheduled__2024-01-01T00:00:00+00:00'
[2024-05-17T10:08:05.933+0000] {base.py:83} INFO - Using connection ID 'postgres_conn' for task execution.
[2024-05-17T10:08:05.948+0000] {sql.py:450} INFO - Running statement: 
            CREATE TABLE IF NOT EXISTS transsection AS
            SELECT 
                th.date,
                th.time,
                th.temperature,
                th.humidity,
                th.heat,
                td.booking_id,
                td.booking_start_date,
                td.booking_start_time,
                td.booking_end_time,
                td.duration_in_minute,
                td.subject_code,
                td.section,
                td.attendance_id,
                td.subject_name,
                td.class_date,
                td.class_start,
                td.class_end,
                td.num_enrolledStd,
                td.num_present,
                td.percent_present,
                td.num_absent,
                td.percent_absent,
                td.num_leave,
                td.percent_leave
                
            FROM 
                temp_and_humi AS th
            LEFT JOIN 
                api_data AS td ON 
                th.date = td.booking_start_date 
                AND th.time >= td.booking_start_time 
                AND th.time < td.booking_end_time;
  
        , parameters: None
[2024-05-17T10:08:05.953+0000] {transection_data.py:113} ERROR - Error creating transsection table: relation "api_data" does not exist
LINE 32:                 api_data AS td ON 
                         ^

[2024-05-17T10:08:05.955+0000] {taskinstance.py:2698} ERROR - Task failed with exception
Traceback (most recent call last):
  File "/home/airflow/.local/lib/python3.8/site-packages/airflow/models/taskinstance.py", line 433, in _execute_task
    result = execute_callable(context=context, **execute_callable_kwargs)
  File "/home/airflow/.local/lib/python3.8/site-packages/airflow/operators/python.py", line 199, in execute
    return_value = self.execute_callable()
  File "/home/airflow/.local/lib/python3.8/site-packages/airflow/operators/python.py", line 216, in execute_callable
    return self.python_callable(*self.op_args, **self.op_kwargs)
  File "/opt/airflow/dags/transection_data.py", line 110, in create_transection_data
    postgres_hook.run(create_table_query)
  File "/home/airflow/.local/lib/python3.8/site-packages/airflow/providers/common/sql/hooks/sql.py", line 398, in run
    self._run_command(cur, sql_statement, parameters)
  File "/home/airflow/.local/lib/python3.8/site-packages/airflow/providers/common/sql/hooks/sql.py", line 455, in _run_command
    cur.execute(sql_statement)
psycopg2.errors.UndefinedTable: relation "api_data" does not exist
LINE 32:                 api_data AS td ON 
                         ^

[2024-05-17T10:08:05.975+0000] {taskinstance.py:1138} INFO - Marking task as UP_FOR_RETRY. dag_id=create_transection_data, task_id=create_transection_data, execution_date=20240101T000000, start_date=20240517T100805, end_date=20240517T100805
[2024-05-17T10:08:05.996+0000] {standard_task_runner.py:107} ERROR - Failed to execute job 340 for task create_transection_data (relation "api_data" does not exist
LINE 32:                 api_data AS td ON 
                         ^
; 2414)
[2024-05-17T10:08:06.021+0000] {local_task_job_runner.py:234} INFO - Task exited with return code 1
[2024-05-17T10:08:06.044+0000] {taskinstance.py:3280} INFO - 0 downstream tasks scheduled from follow-on schedule check
