[2024-05-17T06:27:20.568+0000] {taskinstance.py:1956} INFO - Dependencies all met for dep_context=non-requeueable deps ti=<TaskInstance: create_transformdata_table.create_transformdata_table scheduled__2024-05-16T00:00:00+00:00 [queued]>
[2024-05-17T06:27:20.574+0000] {taskinstance.py:1956} INFO - Dependencies all met for dep_context=requeueable deps ti=<TaskInstance: create_transformdata_table.create_transformdata_table scheduled__2024-05-16T00:00:00+00:00 [queued]>
[2024-05-17T06:27:20.574+0000] {taskinstance.py:2170} INFO - Starting attempt 1 of 4
[2024-05-17T06:27:20.582+0000] {taskinstance.py:2191} INFO - Executing <Task(PythonOperator): create_transformdata_table> on 2024-05-16 00:00:00+00:00
[2024-05-17T06:27:20.587+0000] {standard_task_runner.py:60} INFO - Started process 6741 to run task
[2024-05-17T06:27:20.590+0000] {standard_task_runner.py:87} INFO - Running: ['***', 'tasks', 'run', 'create_transformdata_table', 'create_transformdata_table', 'scheduled__2024-05-16T00:00:00+00:00', '--job-id', '214', '--raw', '--subdir', 'DAGS_FOLDER/data_table_pipeline.py', '--cfg-path', '/tmp/tmpmyb7luzn']
[2024-05-17T06:27:20.592+0000] {standard_task_runner.py:88} INFO - Job 214: Subtask create_transformdata_table
[2024-05-17T06:27:20.626+0000] {task_command.py:423} INFO - Running <TaskInstance: create_transformdata_table.create_transformdata_table scheduled__2024-05-16T00:00:00+00:00 [running]> on host e3e2dc6bc2be
[2024-05-17T06:27:20.673+0000] {taskinstance.py:2480} INFO - Exporting env vars: AIRFLOW_CTX_DAG_OWNER='***' AIRFLOW_CTX_DAG_ID='create_transformdata_table' AIRFLOW_CTX_TASK_ID='create_transformdata_table' AIRFLOW_CTX_EXECUTION_DATE='2024-05-16T00:00:00+00:00' AIRFLOW_CTX_TRY_NUMBER='1' AIRFLOW_CTX_DAG_RUN_ID='scheduled__2024-05-16T00:00:00+00:00'
[2024-05-17T06:27:20.681+0000] {base.py:83} INFO - Using connection ID 'postgres_conn' for task execution.
[2024-05-17T06:27:20.692+0000] {sql.py:450} INFO - Running statement: 
            CREATE TABLE IF NOT EXISTS transformdata AS
            SELECT 
                booking.id AS booking_id,
                booking.booking_start_date,
                booking.booking_start_time,
                booking.booking_end_time,
                booking.duration_in_minute,
                booking.subject_code,
                booking.section,
                attendance.id AS attendance_id,
                attendance.subject_name,
                attendance.class_date,
                attendance.class_start,
                attendance.num_enrolledStd,
                attendance.num_present,
                attendance.percent_present,
                attendance.num_absent,
                attendance.percent_absent,
                attendance.num_leave,
                attendance.percent_leave
            FROM 
                booking
            LEFT JOIN 
                attendance ON 
                booking.booking_start_date = attendance.class_date AND
                booking.subject_code = attendance.subject_code AND
                booking.section = attendance.section AND
                booking.booking_start_time >= attendance.class_start;
        , parameters: None
[2024-05-17T06:27:20.700+0000] {sql.py:459} INFO - Rows affected: 176
[2024-05-17T06:27:20.703+0000] {data_table_pipeline.py:77} INFO - Successfully created transformdata table.
[2024-05-17T06:27:20.704+0000] {python.py:201} INFO - Done. Returned value was: None
[2024-05-17T06:27:20.711+0000] {taskinstance.py:1138} INFO - Marking task as SUCCESS. dag_id=create_transformdata_table, task_id=create_transformdata_table, execution_date=20240516T000000, start_date=20240517T062720, end_date=20240517T062720
[2024-05-17T06:27:20.763+0000] {local_task_job_runner.py:234} INFO - Task exited with return code 0
[2024-05-17T06:27:20.773+0000] {taskinstance.py:3280} INFO - 0 downstream tasks scheduled from follow-on schedule check
