[2024-05-18T08:10:25.920+0000] {taskinstance.py:1956} INFO - Dependencies all met for dep_context=non-requeueable deps ti=<TaskInstance: create_transection_data.create_transection_data manual__2024-05-18T08:10:20.818332+00:00 [queued]>
[2024-05-18T08:10:25.926+0000] {taskinstance.py:1956} INFO - Dependencies all met for dep_context=requeueable deps ti=<TaskInstance: create_transection_data.create_transection_data manual__2024-05-18T08:10:20.818332+00:00 [queued]>
[2024-05-18T08:10:25.927+0000] {taskinstance.py:2170} INFO - Starting attempt 1 of 4
[2024-05-18T08:10:25.934+0000] {taskinstance.py:2191} INFO - Executing <Task(PythonOperator): create_transection_data> on 2024-05-18 08:10:20.818332+00:00
[2024-05-18T08:10:25.937+0000] {standard_task_runner.py:60} INFO - Started process 6777 to run task
[2024-05-18T08:10:25.941+0000] {standard_task_runner.py:87} INFO - Running: ['***', 'tasks', 'run', 'create_transection_data', 'create_transection_data', 'manual__2024-05-18T08:10:20.818332+00:00', '--job-id', '543', '--raw', '--subdir', 'DAGS_FOLDER/transection_data.py', '--cfg-path', '/tmp/tmpn3o37qqq']
[2024-05-18T08:10:25.943+0000] {standard_task_runner.py:88} INFO - Job 543: Subtask create_transection_data
[2024-05-18T08:10:25.972+0000] {task_command.py:423} INFO - Running <TaskInstance: create_transection_data.create_transection_data manual__2024-05-18T08:10:20.818332+00:00 [running]> on host e3e2dc6bc2be
[2024-05-18T08:10:26.018+0000] {taskinstance.py:2480} INFO - Exporting env vars: AIRFLOW_CTX_DAG_OWNER='***' AIRFLOW_CTX_DAG_ID='create_transection_data' AIRFLOW_CTX_TASK_ID='create_transection_data' AIRFLOW_CTX_EXECUTION_DATE='2024-05-18T08:10:20.818332+00:00' AIRFLOW_CTX_TRY_NUMBER='1' AIRFLOW_CTX_DAG_RUN_ID='manual__2024-05-18T08:10:20.818332+00:00'
[2024-05-18T08:10:26.024+0000] {base.py:83} INFO - Using connection ID 'postgres_conn' for task execution.
[2024-05-18T08:10:26.034+0000] {sql.py:450} INFO - Running statement: 
            CREATE TABLE IF NOT EXISTS transsection AS
            SELECT 
                th.date,
                th.time,
                th.temperature,
                th.humidity,
                th.heat,
                td.booking_id,
                td.activity_id,
                td.booking_request_date,
                td.booking_start_date,
                td.booking_end_date,
                td.booking_start_time,
                td.booking_end_time,
                td.duration_in_minute,
                td.remarks,
                td.subject_code,
                td.requester_name,
                td.room ,
                td.floor,
                td.participants,
                td.section,
                td.attendance_id,
                td.subject_name,
                td.class_date,
                td.class_start,
                td.class_end,
                td.num_enrolledStd,
                td.num_present,
                td.percent_present,
                td.num_absent,
                td.percent_absent,
                td.num_leave,
                td.percent_leave
                
            FROM 
                temp_and_humi AS th
            LEFT JOIN 
                api_data AS td ON 
                th.date = td.booking_start_date 
                AND th.time >= td.booking_start_time 
                AND th.time < td.booking_end_time;
  
        , parameters: None
[2024-05-18T08:10:26.051+0000] {sql.py:459} INFO - Rows affected: 5617
[2024-05-18T08:10:26.063+0000] {transection_data.py:342} INFO - Successfully created transsection table.
[2024-05-18T08:10:26.065+0000] {python.py:201} INFO - Done. Returned value was: None
[2024-05-18T08:10:26.071+0000] {taskinstance.py:1138} INFO - Marking task as SUCCESS. dag_id=create_transection_data, task_id=create_transection_data, execution_date=20240518T081020, start_date=20240518T081025, end_date=20240518T081026
[2024-05-18T08:10:26.114+0000] {local_task_job_runner.py:234} INFO - Task exited with return code 0
[2024-05-18T08:10:26.131+0000] {taskinstance.py:3280} INFO - 1 downstream tasks scheduled from follow-on schedule check
