[2024-05-17T10:08:41.125+0000] {taskinstance.py:1956} INFO - Dependencies all met for dep_context=non-requeueable deps ti=<TaskInstance: create_transection_data.delete_transection_data scheduled__2024-05-16T00:00:00+00:00 [queued]>
[2024-05-17T10:08:41.132+0000] {taskinstance.py:1956} INFO - Dependencies all met for dep_context=requeueable deps ti=<TaskInstance: create_transection_data.delete_transection_data scheduled__2024-05-16T00:00:00+00:00 [queued]>
[2024-05-17T10:08:41.133+0000] {taskinstance.py:2170} INFO - Starting attempt 1 of 4
[2024-05-17T10:08:41.141+0000] {taskinstance.py:2191} INFO - Executing <Task(PythonOperator): delete_transection_data> on 2024-05-16 00:00:00+00:00
[2024-05-17T10:08:41.145+0000] {standard_task_runner.py:60} INFO - Started process 2470 to run task
[2024-05-17T10:08:41.148+0000] {standard_task_runner.py:87} INFO - Running: ['***', 'tasks', 'run', 'create_transection_data', 'delete_transection_data', 'scheduled__2024-05-16T00:00:00+00:00', '--job-id', '348', '--raw', '--subdir', 'DAGS_FOLDER/transection_data.py', '--cfg-path', '/tmp/tmpemkumwxm']
[2024-05-17T10:08:41.150+0000] {standard_task_runner.py:88} INFO - Job 348: Subtask delete_transection_data
[2024-05-17T10:08:41.183+0000] {task_command.py:423} INFO - Running <TaskInstance: create_transection_data.delete_transection_data scheduled__2024-05-16T00:00:00+00:00 [running]> on host e3e2dc6bc2be
[2024-05-17T10:08:41.228+0000] {taskinstance.py:2480} INFO - Exporting env vars: AIRFLOW_CTX_DAG_OWNER='***' AIRFLOW_CTX_DAG_ID='create_transection_data' AIRFLOW_CTX_TASK_ID='delete_transection_data' AIRFLOW_CTX_EXECUTION_DATE='2024-05-16T00:00:00+00:00' AIRFLOW_CTX_TRY_NUMBER='1' AIRFLOW_CTX_DAG_RUN_ID='scheduled__2024-05-16T00:00:00+00:00'
[2024-05-17T10:08:41.235+0000] {base.py:83} INFO - Using connection ID 'postgres_conn' for task execution.
[2024-05-17T10:08:41.244+0000] {sql.py:450} INFO - Running statement: DROP TABLE IF EXISTS transsection;, parameters: None
[2024-05-17T10:08:41.247+0000] {transection_data.py:131} INFO - Successfully deleted data from transsection table.
[2024-05-17T10:08:41.248+0000] {python.py:201} INFO - Done. Returned value was: None
[2024-05-17T10:08:41.255+0000] {taskinstance.py:1138} INFO - Marking task as SUCCESS. dag_id=create_transection_data, task_id=delete_transection_data, execution_date=20240516T000000, start_date=20240517T100841, end_date=20240517T100841
[2024-05-17T10:08:41.280+0000] {local_task_job_runner.py:234} INFO - Task exited with return code 0
[2024-05-17T10:08:41.293+0000] {taskinstance.py:3280} INFO - 1 downstream tasks scheduled from follow-on schedule check
[2024-05-17T10:18:39.900+0000] {taskinstance.py:1956} INFO - Dependencies all met for dep_context=non-requeueable deps ti=<TaskInstance: create_transection_data.delete_transection_data scheduled__2024-05-16T00:00:00+00:00 [queued]>
[2024-05-17T10:18:39.908+0000] {taskinstance.py:1956} INFO - Dependencies all met for dep_context=requeueable deps ti=<TaskInstance: create_transection_data.delete_transection_data scheduled__2024-05-16T00:00:00+00:00 [queued]>
[2024-05-17T10:18:39.909+0000] {taskinstance.py:2170} INFO - Starting attempt 1 of 4
[2024-05-17T10:18:39.917+0000] {taskinstance.py:2191} INFO - Executing <Task(PythonOperator): delete_transection_data> on 2024-05-16 00:00:00+00:00
[2024-05-17T10:18:39.922+0000] {standard_task_runner.py:60} INFO - Started process 3126 to run task
[2024-05-17T10:18:39.924+0000] {standard_task_runner.py:87} INFO - Running: ['***', 'tasks', 'run', 'create_transection_data', 'delete_transection_data', 'scheduled__2024-05-16T00:00:00+00:00', '--job-id', '361', '--raw', '--subdir', 'DAGS_FOLDER/transection_data.py', '--cfg-path', '/tmp/tmpuzo_kuoj']
[2024-05-17T10:18:39.927+0000] {standard_task_runner.py:88} INFO - Job 361: Subtask delete_transection_data
[2024-05-17T10:18:39.963+0000] {task_command.py:423} INFO - Running <TaskInstance: create_transection_data.delete_transection_data scheduled__2024-05-16T00:00:00+00:00 [running]> on host e3e2dc6bc2be
[2024-05-17T10:18:40.013+0000] {taskinstance.py:2480} INFO - Exporting env vars: AIRFLOW_CTX_DAG_OWNER='***' AIRFLOW_CTX_DAG_ID='create_transection_data' AIRFLOW_CTX_TASK_ID='delete_transection_data' AIRFLOW_CTX_EXECUTION_DATE='2024-05-16T00:00:00+00:00' AIRFLOW_CTX_TRY_NUMBER='1' AIRFLOW_CTX_DAG_RUN_ID='scheduled__2024-05-16T00:00:00+00:00'
[2024-05-17T10:18:40.020+0000] {base.py:83} INFO - Using connection ID 'postgres_conn' for task execution.
[2024-05-17T10:18:40.031+0000] {sql.py:450} INFO - Running statement: DROP TABLE IF EXISTS transsection;, parameters: None
[2024-05-17T10:18:40.037+0000] {transection_data.py:161} INFO - Successfully deleted data from transsection table.
[2024-05-17T10:18:40.038+0000] {python.py:201} INFO - Done. Returned value was: None
[2024-05-17T10:18:40.049+0000] {taskinstance.py:1138} INFO - Marking task as SUCCESS. dag_id=create_transection_data, task_id=delete_transection_data, execution_date=20240516T000000, start_date=20240517T101839, end_date=20240517T101840
[2024-05-17T10:18:40.098+0000] {local_task_job_runner.py:234} INFO - Task exited with return code 0
[2024-05-17T10:18:40.112+0000] {taskinstance.py:3280} INFO - 1 downstream tasks scheduled from follow-on schedule check
