[2024-05-17T09:59:17.485+0000] {taskinstance.py:1956} INFO - Dependencies all met for dep_context=non-requeueable deps ti=<TaskInstance: api_data_attendance.create_att_data_into_db manual__2024-05-17T09:59:15.636720+00:00 [queued]>
[2024-05-17T09:59:17.491+0000] {taskinstance.py:1956} INFO - Dependencies all met for dep_context=requeueable deps ti=<TaskInstance: api_data_attendance.create_att_data_into_db manual__2024-05-17T09:59:15.636720+00:00 [queued]>
[2024-05-17T09:59:17.492+0000] {taskinstance.py:2170} INFO - Starting attempt 1 of 4
[2024-05-17T09:59:17.498+0000] {taskinstance.py:2191} INFO - Executing <Task(PythonOperator): create_att_data_into_db> on 2024-05-17 09:59:15.636720+00:00
[2024-05-17T09:59:17.503+0000] {standard_task_runner.py:60} INFO - Started process 1826 to run task
[2024-05-17T09:59:17.506+0000] {standard_task_runner.py:87} INFO - Running: ['***', 'tasks', 'run', 'api_data_attendance', 'create_att_data_into_db', 'manual__2024-05-17T09:59:15.636720+00:00', '--job-id', '297', '--raw', '--subdir', 'DAGS_FOLDER/api_data_attendance.py', '--cfg-path', '/tmp/tmp8kio9u72']
[2024-05-17T09:59:17.509+0000] {standard_task_runner.py:88} INFO - Job 297: Subtask create_att_data_into_db
[2024-05-17T09:59:17.538+0000] {task_command.py:423} INFO - Running <TaskInstance: api_data_attendance.create_att_data_into_db manual__2024-05-17T09:59:15.636720+00:00 [running]> on host e3e2dc6bc2be
[2024-05-17T09:59:17.582+0000] {taskinstance.py:2480} INFO - Exporting env vars: AIRFLOW_CTX_DAG_OWNER='***' AIRFLOW_CTX_DAG_ID='api_data_attendance' AIRFLOW_CTX_TASK_ID='create_att_data_into_db' AIRFLOW_CTX_EXECUTION_DATE='2024-05-17T09:59:15.636720+00:00' AIRFLOW_CTX_TRY_NUMBER='1' AIRFLOW_CTX_DAG_RUN_ID='manual__2024-05-17T09:59:15.636720+00:00'
[2024-05-17T09:59:17.588+0000] {base.py:83} INFO - Using connection ID 'postgres_conn' for task execution.
[2024-05-17T09:59:17.601+0000] {base.py:83} INFO - Using connection ID 'postgres_conn' for task execution.
[2024-05-17T09:59:17.609+0000] {sql.py:450} INFO - Running statement: 
        CREATE TABLE IF NOT EXISTS attendance (
            id SERIAL PRIMARY KEY,
            subject_code VARCHAR(10),
            subject_name VARCHAR(255),
            section VARCHAR(10),
            num_enrolledStd INT,
            num_present INT,
            percent_present DECIMAL(5,2),
            num_absent INT,
            percent_absent DECIMAL(5,2),
            num_leave INT,
            percent_leave DECIMAL(5,2),
            class_date DATE,
            class_start TIME,
            class_end TIME
        );
        , parameters: None
[2024-05-17T09:59:17.619+0000] {python.py:201} INFO - Done. Returned value was: None
[2024-05-17T09:59:17.625+0000] {taskinstance.py:1138} INFO - Marking task as SUCCESS. dag_id=api_data_attendance, task_id=create_att_data_into_db, execution_date=20240517T095915, start_date=20240517T095917, end_date=20240517T095917
[2024-05-17T09:59:17.639+0000] {local_task_job_runner.py:234} INFO - Task exited with return code 0
[2024-05-17T09:59:17.654+0000] {taskinstance.py:3280} INFO - 1 downstream tasks scheduled from follow-on schedule check
